This is XeTeX, Version 3.14159265-2.6-0.999992 (TeX Live 2020/W32TeX) (preloaded format=xelatex 2021.2.19)  28 FEB 2021 22:51
entering extended mode
 restricted \write18 enabled.
 %&-line parsing enabled.
**memoire.tex
(./memoire.tex
LaTeX2e <2020-10-01> patch level 4
L3 programming layer <2021-02-18> (c:/texlive/2020/texmf-dist/tex/latex/base/ar
ticle.cls
Document Class: article 2020/04/10 v1.4m Standard LaTeX document class
(c:/texlive/2020/texmf-dist/tex/latex/base/size11.clo
File: size11.clo 2020/04/10 v1.4m Standard LaTeX file (size option)
)
\c@part=\count175
\c@section=\count176
\c@subsection=\count177
\c@subsubsection=\count178
\c@paragraph=\count179
\c@subparagraph=\count180
\c@figure=\count181
\c@table=\count182
\abovecaptionskip=\skip47
\belowcaptionskip=\skip48
\bibindent=\dimen138
) (c:/texlive/2020/texmf-dist/tex/latex/amsmath/amsmath.sty
Package: amsmath 2020/09/23 v2.17i AMS math features
\@mathmargin=\skip49
For additional information on amsmath, use the `?' option.
(c:/texlive/2020/texmf-dist/tex/latex/amsmath/amstext.sty
Package: amstext 2000/06/29 v2.01 AMS text
(c:/texlive/2020/texmf-dist/tex/latex/amsmath/amsgen.sty
File: amsgen.sty 1999/11/30 v2.0 generic functions
\@emptytoks=\toks15
\ex@=\dimen139
)) (c:/texlive/2020/texmf-dist/tex/latex/amsmath/amsbsy.sty
Package: amsbsy 1999/11/29 v1.2d Bold Symbols
\pmbraise@=\dimen140
) (c:/texlive/2020/texmf-dist/tex/latex/amsmath/amsopn.sty
Package: amsopn 2016/03/08 v2.02 operator names
)
\inf@bad=\count183
LaTeX Info: Redefining \frac on input line 234.
\uproot@=\count184
\leftroot@=\count185
LaTeX Info: Redefining \overline on input line 399.
\classnum@=\count186
\DOTSCASE@=\count187
LaTeX Info: Redefining \ldots on input line 496.
LaTeX Info: Redefining \dots on input line 499.
LaTeX Info: Redefining \cdots on input line 620.
\Mathstrutbox@=\box47
\strutbox@=\box48
\big@size=\dimen141
LaTeX Font Info:    Redeclaring font encoding OML on input line 743.
LaTeX Font Info:    Redeclaring font encoding OMS on input line 744.
\macc@depth=\count188
\c@MaxMatrixCols=\count189
\dotsspace@=\muskip16
\c@parentequation=\count190
\dspbrk@lvl=\count191
\tag@help=\toks16
\row@=\count192
\column@=\count193
\maxfields@=\count194
\andhelp@=\toks17
\eqnshift@=\dimen142
\alignsep@=\dimen143
\tagshift@=\dimen144
\tagwidth@=\dimen145
\totwidth@=\dimen146
\lineht@=\dimen147
\@envbody=\toks18
\multlinegap=\skip50
\multlinetaggap=\skip51
\mathdisplay@stack=\toks19
LaTeX Info: Redefining \[ on input line 2923.
LaTeX Info: Redefining \] on input line 2924.
) (c:/texlive/2020/texmf-dist/tex/latex/amsfonts/amssymb.sty
Package: amssymb 2013/01/14 v3.01 AMS font symbols
(c:/texlive/2020/texmf-dist/tex/latex/amsfonts/amsfonts.sty
Package: amsfonts 2013/01/14 v3.01 Basic AMSFonts support
\symAMSa=\mathgroup4
\symAMSb=\mathgroup5
LaTeX Font Info:    Redeclaring math symbol \hbar on input line 98.
LaTeX Font Info:    Overwriting math alphabet `\mathfrak' in version `bold'
(Font)                  U/euf/m/n --> U/euf/b/n on input line 106.
)) (c:/texlive/2020/texmf-dist/tex/latex/lm/lmodern.sty
Package: lmodern 2009/10/30 v1.6 Latin Modern Fonts
LaTeX Font Info:    Overwriting symbol font `operators' in version `normal'
(Font)                  OT1/cmr/m/n --> OT1/lmr/m/n on input line 22.
LaTeX Font Info:    Overwriting symbol font `letters' in version `normal'
(Font)                  OML/cmm/m/it --> OML/lmm/m/it on input line 23.
LaTeX Font Info:    Overwriting symbol font `symbols' in version `normal'
(Font)                  OMS/cmsy/m/n --> OMS/lmsy/m/n on input line 24.
LaTeX Font Info:    Overwriting symbol font `largesymbols' in version `normal'
(Font)                  OMX/cmex/m/n --> OMX/lmex/m/n on input line 25.
LaTeX Font Info:    Overwriting symbol font `operators' in version `bold'
(Font)                  OT1/cmr/bx/n --> OT1/lmr/bx/n on input line 26.
LaTeX Font Info:    Overwriting symbol font `letters' in version `bold'
(Font)                  OML/cmm/b/it --> OML/lmm/b/it on input line 27.
LaTeX Font Info:    Overwriting symbol font `symbols' in version `bold'
(Font)                  OMS/cmsy/b/n --> OMS/lmsy/b/n on input line 28.
LaTeX Font Info:    Overwriting symbol font `largesymbols' in version `bold'
(Font)                  OMX/cmex/m/n --> OMX/lmex/m/n on input line 29.
LaTeX Font Info:    Overwriting math alphabet `\mathbf' in version `normal'
(Font)                  OT1/cmr/bx/n --> OT1/lmr/bx/n on input line 31.
LaTeX Font Info:    Overwriting math alphabet `\mathsf' in version `normal'
(Font)                  OT1/cmss/m/n --> OT1/lmss/m/n on input line 32.
LaTeX Font Info:    Overwriting math alphabet `\mathit' in version `normal'
(Font)                  OT1/cmr/m/it --> OT1/lmr/m/it on input line 33.
LaTeX Font Info:    Overwriting math alphabet `\mathtt' in version `normal'
(Font)                  OT1/cmtt/m/n --> OT1/lmtt/m/n on input line 34.
LaTeX Font Info:    Overwriting math alphabet `\mathbf' in version `bold'
(Font)                  OT1/cmr/bx/n --> OT1/lmr/bx/n on input line 35.
LaTeX Font Info:    Overwriting math alphabet `\mathsf' in version `bold'
(Font)                  OT1/cmss/bx/n --> OT1/lmss/bx/n on input line 36.
LaTeX Font Info:    Overwriting math alphabet `\mathit' in version `bold'
(Font)                  OT1/cmr/bx/it --> OT1/lmr/bx/it on input line 37.
LaTeX Font Info:    Overwriting math alphabet `\mathtt' in version `bold'
(Font)                  OT1/cmtt/m/n --> OT1/lmtt/m/n on input line 38.
) (c:/texlive/2020/texmf-dist/tex/generic/iftex/ifxetex.sty
Package: ifxetex 2019/10/25 v0.7 ifxetex legacy package. Use iftex instead.
(c:/texlive/2020/texmf-dist/tex/generic/iftex/iftex.sty
Package: iftex 2020/03/06 v1.0d TeX engine tests
)) (c:/texlive/2020/texmf-dist/tex/generic/iftex/ifluatex.sty
Package: ifluatex 2019/10/25 v1.5 ifluatex legacy package. Use iftex instead.
) (c:/texlive/2020/texmf-dist/tex/latex/unicode-math/unicode-math.sty (c:/texli
ve/2020/texmf-dist/tex/latex/l3kernel/expl3.sty
Package: expl3 2021-02-18 L3 programming layer (loader) 
(c:/texlive/2020/texmf-dist/tex/latex/l3backend/l3backend-xetex.def
File: l3backend-xetex.def 2021-02-18 L3 backend support: XeTeX
(|extractbb --version)
\c__kernel_sys_dvipdfmx_version_int=\count195
\l__color_backend_stack_int=\count196
\g__color_backend_stack_int=\count197
\g__graphics_track_int=\count198
\l__pdf_internal_box=\box49
\g__pdf_backend_object_int=\count199
\g__pdf_backend_annotation_int=\count266
\g__pdf_backend_link_int=\count267
))
Package: unicode-math 2020/01/31 v0.8q Unicode maths in XeLaTeX and LuaLaTeX
(c:/texlive/2020/texmf-dist/tex/latex/unicode-math/unicode-math-xetex.sty
Package: unicode-math-xetex 2020/01/31 v0.8q Unicode maths in XeLaTeX and LuaLa
TeX
(c:/texlive/2020/texmf-dist/tex/latex/l3packages/xparse/xparse.sty (c:/texlive/
2020/texmf-dist/tex/latex/l3packages/xparse/xparse-2020-10-01.sty (c:/texlive/2
020/texmf-dist/tex/latex/l3packages/xparse/xparse-generic.tex))) (c:/texlive/20
20/texmf-dist/tex/latex/l3packages/l3keys2e/l3keys2e.sty
Package: l3keys2e 2021-02-02 LaTeX2e option processing using LaTeX3 keys
) (c:/texlive/2020/texmf-dist/tex/latex/fontspec/fontspec.sty
Package: fontspec 2020/02/21 v2.7i Font selection for XeLaTeX and LuaLaTeX
(c:/texlive/2020/texmf-dist/tex/latex/fontspec/fontspec-xetex.sty
Package: fontspec-xetex 2020/02/21 v2.7i Font selection for XeLaTeX and LuaLaTe
X
\l__fontspec_script_int=\count268
\l__fontspec_language_int=\count269
\l__fontspec_strnum_int=\count270
\l__fontspec_tmp_int=\count271
\l__fontspec_tmpa_int=\count272
\l__fontspec_tmpb_int=\count273
\l__fontspec_tmpc_int=\count274
\l__fontspec_em_int=\count275
\l__fontspec_emdef_int=\count276
\l__fontspec_strong_int=\count277
\l__fontspec_strongdef_int=\count278
\l__fontspec_tmpa_dim=\dimen148
\l__fontspec_tmpb_dim=\dimen149
\l__fontspec_tmpc_dim=\dimen150
(c:/texlive/2020/texmf-dist/tex/latex/base/fontenc.sty
Package: fontenc 2020/08/10 v2.0s Standard LaTeX package
) (c:/texlive/2020/texmf-dist/tex/latex/fontspec/fontspec.cfg))) (c:/texlive/20
20/texmf-dist/tex/latex/base/fix-cm.sty
Package: fix-cm 2015/01/14 v1.1t fixes to LaTeX
(c:/texlive/2020/texmf-dist/tex/latex/base/ts1enc.def
File: ts1enc.def 2001/06/05 v3.0e (jk/car/fm) Standard LaTeX file
LaTeX Font Info:    Redeclaring font encoding TS1 on input line 47.
))
\g__um_fam_int=\count279
\g__um_fonts_used_int=\count280
\l__um_primecount_int=\count281
\g__um_primekern_muskip=\muskip17
(c:/texlive/2020/texmf-dist/tex/latex/unicode-math/unicode-math-table.tex)))

Package fontspec Info: Roboto Light scale = 0.8162859193885522.


Package fontspec Info: Roboto Light scale = 0.8162859193885522.


Package fontspec Info: Roboto Light scale = 0.8162859193885522.


Package fontspec Info: Roboto Light/B scale = 0.8162859193885522.


Package fontspec Info: Roboto Light/B scale = 0.8162859193885522.


Package fontspec Info: Roboto Light/I scale = 0.8162859193885522.


Package fontspec Info: Roboto Light/I scale = 0.8162859193885522.


Package fontspec Info: Roboto Light/BI scale = 0.8162859193885522.


Package fontspec Info: Roboto Light/BI scale = 0.8162859193885522.


Package fontspec Info: Font family 'RobotoLight(0)' created for font 'Roboto
(fontspec)             Light' with options
(fontspec)             [Scale=MatchLowercase,Ligatures=TeX,Scale=1].
(fontspec)              
(fontspec)              This font family consists of the following NFSS
(fontspec)             series/shapes:
(fontspec)              
(fontspec)             - 'normal' (m/n) with NFSS spec.: <->s*[1]"Roboto
(fontspec)             Light/OT:script=latn;language=dflt;mapping=tex-text;"
(fontspec)             - 'small caps'  (m/sc) with NFSS spec.: <->s*[1]"Roboto
(fontspec)             Light/OT:script=latn;language=dflt;+smcp;mapping=tex-tex
t;"
(fontspec)             - 'bold' (b/n) with NFSS spec.: <->s*[1]"Roboto
(fontspec)             Light/B/OT:script=latn;language=dflt;mapping=tex-text;"
(fontspec)             - 'bold small caps'  (b/sc) with NFSS spec.:
(fontspec)             <->s*[1]"Roboto
(fontspec)             Light/B/OT:script=latn;language=dflt;+smcp;mapping=tex-t
ext;"
(fontspec)             - 'italic' (m/it) with NFSS spec.: <->s*[1]"Roboto
(fontspec)             Light/I/OT:script=latn;language=dflt;mapping=tex-text;"
(fontspec)             - 'italic small caps'  (m/scit) with NFSS spec.:
(fontspec)             <->s*[1]"Roboto
(fontspec)             Light/I/OT:script=latn;language=dflt;+smcp;mapping=tex-t
ext;"
(fontspec)             - 'bold italic' (b/it) with NFSS spec.: <->s*[1]"Roboto
(fontspec)             Light/BI/OT:script=latn;language=dflt;mapping=tex-text;"

(fontspec)             - 'bold italic small caps'  (b/scit) with NFSS spec.:
(fontspec)             <->s*[1]"Roboto
(fontspec)             Light/BI/OT:script=latn;language=dflt;+smcp;mapping=tex-
text;"

LaTeX Font Info:    Font shape `TU/RobotoLight(0)/m/n' will be
(Font)              scaled to size 10.95pt on input line 21.

Package fontspec Info: Roboto Light scale = 0.9999973608090705.


Package fontspec Info: Roboto Light scale = 0.9999973608090705.


Package fontspec Info: Roboto Light scale = 0.9999973608090705.


Package fontspec Info: Roboto Light/B scale = 0.9999973608090705.


Package fontspec Info: Roboto Light/B scale = 0.9999973608090705.


Package fontspec Info: Roboto Light/I scale = 0.9999973608090705.


Package fontspec Info: Roboto Light/I scale = 0.9999973608090705.


Package fontspec Info: Roboto Light/BI scale = 0.9999973608090705.


Package fontspec Info: Roboto Light/BI scale = 0.9999973608090705.


Package fontspec Info: Font family 'RobotoLight(1)' created for font 'Roboto
(fontspec)             Light' with options [Scale=MatchLowercase].
(fontspec)              
(fontspec)              This font family consists of the following NFSS
(fontspec)             series/shapes:
(fontspec)              
(fontspec)             - 'normal' (m/n) with NFSS spec.:
(fontspec)             <->s*[0.9999973608090705]"Roboto
(fontspec)             Light/OT:script=latn;language=dflt;"
(fontspec)             - 'small caps'  (m/sc) with NFSS spec.:
(fontspec)             <->s*[0.9999973608090705]"Roboto
(fontspec)             Light/OT:script=latn;language=dflt;+smcp;"
(fontspec)             - 'bold' (b/n) with NFSS spec.:
(fontspec)             <->s*[0.9999973608090705]"Roboto
(fontspec)             Light/B/OT:script=latn;language=dflt;"
(fontspec)             - 'bold small caps'  (b/sc) with NFSS spec.:
(fontspec)             <->s*[0.9999973608090705]"Roboto
(fontspec)             Light/B/OT:script=latn;language=dflt;+smcp;"
(fontspec)             - 'italic' (m/it) with NFSS spec.:
(fontspec)             <->s*[0.9999973608090705]"Roboto
(fontspec)             Light/I/OT:script=latn;language=dflt;"
(fontspec)             - 'italic small caps'  (m/scit) with NFSS spec.:
(fontspec)             <->s*[0.9999973608090705]"Roboto
(fontspec)             Light/I/OT:script=latn;language=dflt;+smcp;"
(fontspec)             - 'bold italic' (b/it) with NFSS spec.:
(fontspec)             <->s*[0.9999973608090705]"Roboto
(fontspec)             Light/BI/OT:script=latn;language=dflt;"
(fontspec)             - 'bold italic small caps'  (b/scit) with NFSS spec.:
(fontspec)             <->s*[0.9999973608090705]"Roboto
(fontspec)             Light/BI/OT:script=latn;language=dflt;+smcp;"

LaTeX Font Info:    Overwriting math alphabet `\mathrm' in version `normal'
(Font)                  OT1/lmr/m/n --> TU/RobotoLight(1)/m/n on input line 21.

LaTeX Font Info:    Overwriting math alphabet `\mathit' in version `normal'
(Font)                  OT1/lmr/m/it --> TU/RobotoLight(1)/m/it on input line 2
1.
LaTeX Font Info:    Overwriting math alphabet `\mathbf' in version `normal'
(Font)                  OT1/lmr/bx/n --> TU/RobotoLight(1)/b/n on input line 21
.
(c:/texlive/2020/texmf-dist/tex/latex/upquote/upquote.sty
Package: upquote 2012/04/19 v1.3 upright-quote and grave-accent glyphs in verba
tim
(c:/texlive/2020/texmf-dist/tex/latex/base/textcomp.sty
Package: textcomp 2020/02/02 v2.0n Standard LaTeX package
)) (c:/texlive/2020/texmf-dist/tex/latex/microtype/microtype.sty
Package: microtype 2021/02/25 v2.8b Micro-typographical refinements (RS)
(c:/texlive/2020/texmf-dist/tex/latex/graphics/keyval.sty
Package: keyval 2014/10/28 v1.15 key=value parser (DPC)
\KV@toks@=\toks20
)
\MT@toks=\toks21
\MT@count=\count282
LaTeX Info: Redefining \textls on input line 788.
\MT@outer@kern=\dimen151
LaTeX Info: Redefining \textmicrotypecontext on input line 1358.
\MT@listname@count=\count283
(c:/texlive/2020/texmf-dist/tex/latex/microtype/microtype-xetex.def
File: microtype-xetex.def 2021/02/25 v2.8b Definitions specific to xetex (RS)
LaTeX Info: Redefining \lsstyle on input line 254.
)
Package microtype Info: Loading configuration file microtype.cfg.
(c:/texlive/2020/texmf-dist/tex/latex/microtype/microtype.cfg
File: microtype.cfg 2021/02/25 v2.8b microtype main configuration file (RS)
)) (c:/texlive/2020/texmf-dist/tex/latex/xcolor/xcolor.sty
Package: xcolor 2016/05/11 v2.12 LaTeX color extensions (UK)
(c:/texlive/2020/texmf-dist/tex/latex/graphics-cfg/color.cfg
File: color.cfg 2016/01/02 v1.6 sample color configuration
)
Package xcolor Info: Driver file: xetex.def on input line 225.
(c:/texlive/2020/texmf-dist/tex/latex/graphics-def/xetex.def
File: xetex.def 2020/08/26 v5.0i Graphics/color driver for xetex
)
Package xcolor Info: Model `cmy' substituted by `cmy0' on input line 1348.
Package xcolor Info: Model `RGB' extended on input line 1364.
Package xcolor Info: Model `HTML' substituted by `rgb' on input line 1366.
Package xcolor Info: Model `Hsb' substituted by `hsb' on input line 1367.
Package xcolor Info: Model `tHsb' substituted by `hsb' on input line 1368.
Package xcolor Info: Model `HSB' substituted by `hsb' on input line 1369.
Package xcolor Info: Model `Gray' substituted by `gray' on input line 1370.
Package xcolor Info: Model `wave' substituted by `hsb' on input line 1371.
) (c:/texlive/2020/texmf-dist/tex/latex/xurl/xurl.sty
Package: xurl 2020/12/30 v 0.09a modify URL breaks
(c:/texlive/2020/texmf-dist/tex/latex/url/url.sty
\Urlmuskip=\muskip18
Package: url 2013/09/16  ver 3.4  Verb mode for urls, etc.
)) (c:/texlive/2020/texmf-dist/tex/latex/bookmark/bookmark.sty
Package: bookmark 2020-11-06 v1.29 PDF bookmarks (HO)
(c:/texlive/2020/texmf-dist/tex/latex/hyperref/hyperref.sty
Package: hyperref 2021-02-10 v7.00j Hypertext links for LaTeX
(c:/texlive/2020/texmf-dist/tex/generic/ltxcmds/ltxcmds.sty
Package: ltxcmds 2020-05-10 v1.25 LaTeX kernel commands for general use (HO)
) (c:/texlive/2020/texmf-dist/tex/generic/pdftexcmds/pdftexcmds.sty
Package: pdftexcmds 2020-06-27 v0.33 Utility functions of pdfTeX for LuaTeX (HO
)
(c:/texlive/2020/texmf-dist/tex/generic/infwarerr/infwarerr.sty
Package: infwarerr 2019/12/03 v1.5 Providing info/warning/error messages (HO)
)
Package pdftexcmds Info: \pdf@primitive is available.
Package pdftexcmds Info: \pdf@ifprimitive is available.
Package pdftexcmds Info: \pdfdraftmode not found.
) (c:/texlive/2020/texmf-dist/tex/generic/kvsetkeys/kvsetkeys.sty
Package: kvsetkeys 2019/12/15 v1.18 Key value parser (HO)
) (c:/texlive/2020/texmf-dist/tex/generic/kvdefinekeys/kvdefinekeys.sty
Package: kvdefinekeys 2019-12-19 v1.6 Define keys (HO)
) (c:/texlive/2020/texmf-dist/tex/generic/pdfescape/pdfescape.sty
Package: pdfescape 2019/12/09 v1.15 Implements pdfTeX's escape features (HO)
) (c:/texlive/2020/texmf-dist/tex/latex/hycolor/hycolor.sty
Package: hycolor 2020-01-27 v1.10 Color options for hyperref/bookmark (HO)
) (c:/texlive/2020/texmf-dist/tex/latex/letltxmacro/letltxmacro.sty
Package: letltxmacro 2019/12/03 v1.6 Let assignment for LaTeX macros (HO)
) (c:/texlive/2020/texmf-dist/tex/latex/auxhook/auxhook.sty
Package: auxhook 2019-12-17 v1.6 Hooks for auxiliary files (HO)
) (c:/texlive/2020/texmf-dist/tex/latex/kvoptions/kvoptions.sty
Package: kvoptions 2020-10-07 v3.14 Key value format for package options (HO)
)
\@linkdim=\dimen152
\Hy@linkcounter=\count284
\Hy@pagecounter=\count285
(c:/texlive/2020/texmf-dist/tex/latex/hyperref/pd1enc.def
File: pd1enc.def 2021-02-10 v7.00j Hyperref: PDFDocEncoding definition (HO)
) (c:/texlive/2020/texmf-dist/tex/latex/hyperref/hyperref-langpatches.def
File: hyperref-langpatches.def 2021-02-10 v7.00j Hyperref: patches for babel la
nguages
) (c:/texlive/2020/texmf-dist/tex/generic/intcalc/intcalc.sty
Package: intcalc 2019/12/15 v1.3 Expandable calculations with integers (HO)
) (c:/texlive/2020/texmf-dist/tex/generic/etexcmds/etexcmds.sty
Package: etexcmds 2019/12/15 v1.7 Avoid name clashes with e-TeX commands (HO)
)
\Hy@SavedSpaceFactor=\count286
(c:/texlive/2020/texmf-dist/tex/latex/hyperref/puenc.def
File: puenc.def 2021-02-10 v7.00j Hyperref: PDF Unicode definition (HO)
)
Package hyperref Info: Option `unicode' set `true' on input line 4073.
Package hyperref Info: Hyper figures OFF on input line 4192.
Package hyperref Info: Link nesting OFF on input line 4197.
Package hyperref Info: Hyper index ON on input line 4200.
Package hyperref Info: Plain pages OFF on input line 4207.
Package hyperref Info: Backreferencing OFF on input line 4212.
Package hyperref Info: Implicit mode ON; LaTeX internals redefined.
Package hyperref Info: Bookmarks ON on input line 4445.
\c@Hy@tempcnt=\count287
LaTeX Info: Redefining \url on input line 4804.
\XeTeXLinkMargin=\dimen153
(c:/texlive/2020/texmf-dist/tex/generic/bitset/bitset.sty
Package: bitset 2019/12/09 v1.3 Handle bit-vector datatype (HO)
(c:/texlive/2020/texmf-dist/tex/generic/bigintcalc/bigintcalc.sty
Package: bigintcalc 2019/12/15 v1.5 Expandable calculations on big integers (HO
)
))
\Fld@menulength=\count288
\Field@Width=\dimen154
\Fld@charsize=\dimen155
Package hyperref Info: Hyper figures OFF on input line 6075.
Package hyperref Info: Link nesting OFF on input line 6080.
Package hyperref Info: Hyper index ON on input line 6083.
Package hyperref Info: backreferencing OFF on input line 6090.
Package hyperref Info: Link coloring OFF on input line 6095.
Package hyperref Info: Link coloring with OCG OFF on input line 6100.
Package hyperref Info: PDF/A mode OFF on input line 6105.
LaTeX Info: Redefining \ref on input line 6145.
LaTeX Info: Redefining \pageref on input line 6149.
(c:/texlive/2020/texmf-dist/tex/latex/base/atbegshi-ltx.sty
Package: atbegshi-ltx 2020/08/17 v1.0a Emulation of the original atbegshi packa
ge
with kernel methods
)
\Hy@abspage=\count289
\c@Item=\count290
\c@Hfootnote=\count291
)
Package hyperref Info: Driver (autodetected): hxetex.
(c:/texlive/2020/texmf-dist/tex/latex/hyperref/hxetex.def
File: hxetex.def 2021-02-10 v7.00j Hyperref driver for XeTeX
(c:/texlive/2020/texmf-dist/tex/generic/stringenc/stringenc.sty
Package: stringenc 2019/11/29 v1.12 Convert strings between diff. encodings (HO
)
)
\pdfm@box=\box50
\c@Hy@AnnotLevel=\count292
\HyField@AnnotCount=\count293
\Fld@listcount=\count294
\c@bookmark@seq@number=\count295
(c:/texlive/2020/texmf-dist/tex/latex/rerunfilecheck/rerunfilecheck.sty
Package: rerunfilecheck 2019/12/05 v1.9 Rerun checks for auxiliary files (HO)
(c:/texlive/2020/texmf-dist/tex/latex/base/atveryend-ltx.sty
Package: atveryend-ltx 2020/08/19 v1.0a Emulation of the original atvery packag
e
with kernel methods
) (c:/texlive/2020/texmf-dist/tex/generic/uniquecounter/uniquecounter.sty
Package: uniquecounter 2019/12/15 v1.4 Provide unlimited unique counter (HO)
)
Package uniquecounter Info: New unique counter `rerunfilecheck' on input line 2
86.
)
\Hy@SectionHShift=\skip52
) (c:/texlive/2020/texmf-dist/tex/latex/bookmark/bkm-dvipdfm.def
File: bkm-dvipdfm.def 2020-11-06 v1.29 bookmark driver for dvipdfm (HO)
\BKM@id=\count296
)) (c:/texlive/2020/texmf-dist/tex/latex/geometry/geometry.sty
Package: geometry 2020/01/02 v5.9 Page Geometry
(c:/texlive/2020/texmf-dist/tex/generic/iftex/ifvtex.sty
Package: ifvtex 2019/10/25 v1.7 ifvtex legacy package. Use iftex instead.
)
\Gm@cnth=\count297
\Gm@cntv=\count298
\c@Gm@tempcnt=\count299
\Gm@bindingoffset=\dimen156
\Gm@wd@mp=\dimen157
\Gm@odd@mp=\dimen158
\Gm@even@mp=\dimen159
\Gm@layoutwidth=\dimen160
\Gm@layoutheight=\dimen161
\Gm@layouthoffset=\dimen162
\Gm@layoutvoffset=\dimen163
\Gm@dimlist=\toks22
) (c:/texlive/2020/texmf-dist/tex/latex/graphics/graphicx.sty
Package: graphicx 2020/09/09 v1.2b Enhanced LaTeX Graphics (DPC,SPQR)
(c:/texlive/2020/texmf-dist/tex/latex/graphics/graphics.sty
Package: graphics 2020/08/30 v1.4c Standard LaTeX Graphics (DPC,SPQR)
(c:/texlive/2020/texmf-dist/tex/latex/graphics/trig.sty
Package: trig 2016/01/03 v1.10 sin cos tan (DPC)
) (c:/texlive/2020/texmf-dist/tex/latex/graphics-cfg/graphics.cfg
File: graphics.cfg 2016/06/04 v1.11 sample graphics configuration
)
Package graphics Info: Driver file: xetex.def on input line 105.
)
\Gin@req@height=\dimen164
\Gin@req@width=\dimen165
) (c:/texlive/2020/texmf-dist/tex/latex/titlesec/titlesec.sty
Package: titlesec 2019/10/16 v2.13 Sectioning titles
\ttl@box=\box51
\beforetitleunit=\skip53
\aftertitleunit=\skip54
\ttl@plus=\dimen166
\ttl@minus=\dimen167
\ttl@toksa=\toks23
\titlewidth=\dimen168
\titlewidthlast=\dimen169
\titlewidthfirst=\dimen170
) (c:/texlive/2020/texmf-dist/tex/latex/fancyhdr/fancyhdr.sty
Package: fancyhdr 2021/01/28 v4.0.1 Extensive control of page headers and foote
rs
\f@nch@headwidth=\skip55
\f@nch@O@elh=\skip56
\f@nch@O@erh=\skip57
\f@nch@O@olh=\skip58
\f@nch@O@orh=\skip59
\f@nch@O@elf=\skip60
\f@nch@O@erf=\skip61
\f@nch@O@olf=\skip62
\f@nch@O@orf=\skip63
) (c:/texlive/2020/texmf-dist/tex/latex/listings/listings.sty
\lst@mode=\count300
\lst@gtempboxa=\box52
\lst@token=\toks24
\lst@length=\count301
\lst@currlwidth=\dimen171
\lst@column=\count302
\lst@pos=\count303
\lst@lostspace=\dimen172
\lst@width=\dimen173
\lst@newlines=\count304
\lst@lineno=\count305
\lst@maxwidth=\dimen174
(c:/texlive/2020/texmf-dist/tex/latex/listings/lstmisc.sty
File: lstmisc.sty 2020/03/24 1.8d (Carsten Heinz)
\c@lstnumber=\count306
\lst@skipnumbers=\count307
\lst@framebox=\box53
) (c:/texlive/2020/texmf-dist/tex/latex/listings/listings.cfg
File: listings.cfg 2020/03/24 1.8d listings configuration
))
Package: listings 2020/03/24 1.8d (Carsten Heinz)
(c:/texlive/2020/texmf-dist/tex/latex/float/float.sty
Package: float 2001/11/08 v1.3d Float enhancements (AL)
\c@float@type=\count308
\float@exts=\toks25
\float@box=\box54
\@float@everytoks=\toks26
\@floatcapt=\box55
) (c:/texlive/2020/texmf-dist/tex/latex/setspace/setspace.sty
Package: setspace 2011/12/19 v6.7a set line spacing
) (c:/texlive/2020/texmf-dist/tex/latex/chngcntr/chngcntr.sty
Package: chngcntr 2018/04/09 v1.1a change counter resetting
Package chngcntr Info: \counterwithout already defined.
(chngcntr)             Quitting chngcntr on input line 21.
) (c:/texlive/2020/texmf-dist/tex/latex/pdfpages/pdfpages.sty
Package: pdfpages 2021/02/05 v0.5s Insert pages of external PDF documents (AM)
(c:/texlive/2020/texmf-dist/tex/latex/base/ifthen.sty
Package: ifthen 2014/09/29 v1.1c Standard LaTeX ifthen package (DPC)
) (c:/texlive/2020/texmf-dist/tex/latex/tools/calc.sty
Package: calc 2017/05/25 v4.3 Infix arithmetic (KKT,FJ)
\calc@Acount=\count309
\calc@Bcount=\count310
\calc@Adimen=\dimen175
\calc@Bdimen=\dimen176
\calc@Askip=\skip64
\calc@Bskip=\skip65
LaTeX Info: Redefining \setlength on input line 80.
LaTeX Info: Redefining \addtolength on input line 81.
\calc@Ccount=\count311
\calc@Cskip=\skip66
) (c:/texlive/2020/texmf-dist/tex/latex/eso-pic/eso-pic.sty
Package: eso-pic 2020/10/14 v3.0a eso-pic (RN)
\ESO@tempdima=\dimen177
\ESO@tempdimb=\dimen178
)
\AM@pagewidth=\dimen179
\AM@pageheight=\dimen180
\AM@fboxrule=\dimen181
(c:/texlive/2020/texmf-dist/tex/latex/pdfpages/ppxetex.def
File: ppxetex.def 2021/02/05 v0.5s Pdfpages driver for XeTeX (AM)
)
\pdfpages@includegraphics@status=\count312
\AM@pagebox=\box56
\AM@global@opts=\toks27
\AM@pagecnt=\count313
\AM@toc@title=\toks28
\c@AM@survey=\count314
\AM@templatesizebox=\box57
) (c:/texlive/2020/texmf-dist/tex/latex/caption/caption.sty
Package: caption 2020/10/26 v3.5g Customizing captions (AR)
(c:/texlive/2020/texmf-dist/tex/latex/caption/caption3.sty
Package: caption3 2020/10/21 v2.2e caption3 kernel (AR)
\captionmargin=\dimen182
\captionmargin@=\dimen183
\captionwidth=\dimen184
\caption@tempdima=\dimen185
\caption@indent=\dimen186
\caption@parindent=\dimen187
\caption@hangindent=\dimen188
Package caption Info: Standard document class detected.
)
\c@caption@flags=\count315
\c@continuedfloat=\count316
Package caption Info: float package is loaded.
Package caption Info: hyperref package is loaded.
Package caption Info: listings package is loaded.
)
\c@customfigs=\count317

Package fontspec Info: Roboto scale = 0.9999973608090705.


Package fontspec Info: Roboto scale = 0.9999973608090705.


Package fontspec Info: Roboto scale = 0.9999973608090705.


Package fontspec Info: Roboto/B scale = 0.9999973608090705.


Package fontspec Info: Roboto/B scale = 0.9999973608090705.


Package fontspec Info: Roboto/I scale = 0.9999973608090705.


Package fontspec Info: Roboto/I scale = 0.9999973608090705.


Package fontspec Info: Roboto/BI scale = 0.9999973608090705.


Package fontspec Info: Roboto/BI scale = 0.9999973608090705.


Package fontspec Info: Font family 'Roboto(0)' created for font 'Roboto' with
(fontspec)             options [Scale=MatchLowercase].
(fontspec)              
(fontspec)              This font family consists of the following NFSS
(fontspec)             series/shapes:
(fontspec)              
(fontspec)             - 'normal' (m/n) with NFSS spec.:
(fontspec)             <->s*[0.9999973608090705]"Roboto/OT:script=latn;language
=dflt;"
(fontspec)             - 'small caps'  (m/sc) with NFSS spec.:
(fontspec)             <->s*[0.9999973608090705]"Roboto/OT:script=latn;language
=dflt;+smcp;"
(fontspec)             - 'bold' (b/n) with NFSS spec.:
(fontspec)             <->s*[0.9999973608090705]"Roboto/B/OT:script=latn;langua
ge=dflt;"
(fontspec)             - 'bold small caps'  (b/sc) with NFSS spec.:
(fontspec)             <->s*[0.9999973608090705]"Roboto/B/OT:script=latn;langua
ge=dflt;+smcp;"
(fontspec)             - 'italic' (m/it) with NFSS spec.:
(fontspec)             <->s*[0.9999973608090705]"Roboto/I/OT:script=latn;langua
ge=dflt;"
(fontspec)             - 'italic small caps'  (m/scit) with NFSS spec.:
(fontspec)             <->s*[0.9999973608090705]"Roboto/I/OT:script=latn;langua
ge=dflt;+smcp;"
(fontspec)             - 'bold italic' (b/it) with NFSS spec.:
(fontspec)             <->s*[0.9999973608090705]"Roboto/BI/OT:script=latn;langu
age=dflt;"
(fontspec)             - 'bold italic small caps'  (b/scit) with NFSS spec.:
(fontspec)             <->s*[0.9999973608090705]"Roboto/BI/OT:script=latn;langu
age=dflt;+smcp;"


Package fontspec Info: Ubuntu scale = 1.015382018045733.


Package fontspec Info: Ubuntu scale = 1.015382018045733.


Package fontspec Info: Ubuntu/B scale = 1.003798987466521.


Package fontspec Info: Ubuntu/I scale = 1.015382018045733.


Package fontspec Info: Ubuntu/BI scale = 1.003798987466521.


Package fontspec Info: Font family 'Ubuntu(0)' created for font 'Ubuntu' with
(fontspec)             options [Scale=MatchLowercase].
(fontspec)              
(fontspec)              This font family consists of the following NFSS
(fontspec)             series/shapes:
(fontspec)              
(fontspec)             - 'normal' (m/n) with NFSS spec.:
(fontspec)             <->s*[1.015382018045733]"Ubuntu/OT:script=latn;language=
dflt;"
(fontspec)             - 'small caps'  (m/sc) with NFSS spec.: 
(fontspec)             - 'bold' (b/n) with NFSS spec.:
(fontspec)             <->s*[1.003798987466521]"Ubuntu/B/OT:script=latn;languag
e=dflt;"
(fontspec)             - 'bold small caps'  (b/sc) with NFSS spec.: 
(fontspec)             - 'italic' (m/it) with NFSS spec.:
(fontspec)             <->s*[1.015382018045733]"Ubuntu/I/OT:script=latn;languag
e=dflt;"
(fontspec)             - 'italic small caps'  (m/scit) with NFSS spec.: 
(fontspec)             - 'bold italic' (b/it) with NFSS spec.:
(fontspec)             <->s*[1.003798987466521]"Ubuntu/BI/OT:script=latn;langua
ge=dflt;"
(fontspec)             - 'bold italic small caps'  (b/scit) with NFSS spec.: 

(c:/texlive/2020/texmf-dist/tex/latex/tcolorbox/tcolorbox.sty
Package: tcolorbox 2020/10/09 version 4.42 text color boxes
(c:/texlive/2020/texmf-dist/tex/latex/pgf/basiclayer/pgf.sty (c:/texlive/2020/t
exmf-dist/tex/latex/pgf/utilities/pgfrcs.sty (c:/texlive/2020/texmf-dist/tex/ge
neric/pgf/utilities/pgfutil-common.tex
\pgfutil@everybye=\toks29
\pgfutil@tempdima=\dimen189
\pgfutil@tempdimb=\dimen190
(c:/texlive/2020/texmf-dist/tex/generic/pgf/utilities/pgfutil-common-lists.tex)
) (c:/texlive/2020/texmf-dist/tex/generic/pgf/utilities/pgfutil-latex.def
\pgfutil@abb=\box58
) (c:/texlive/2020/texmf-dist/tex/generic/pgf/utilities/pgfrcs.code.tex (c:/tex
live/2020/texmf-dist/tex/generic/pgf/pgf.revision.tex)
Package: pgfrcs 2020/12/27 v3.1.8b (3.1.8b)
))
Package: pgf 2020/12/27 v3.1.8b (3.1.8b)
(c:/texlive/2020/texmf-dist/tex/latex/pgf/basiclayer/pgfcore.sty (c:/texlive/20
20/texmf-dist/tex/latex/pgf/systemlayer/pgfsys.sty (c:/texlive/2020/texmf-dist/
tex/generic/pgf/systemlayer/pgfsys.code.tex
Package: pgfsys 2020/12/27 v3.1.8b (3.1.8b)
(c:/texlive/2020/texmf-dist/tex/generic/pgf/utilities/pgfkeys.code.tex
\pgfkeys@pathtoks=\toks30
\pgfkeys@temptoks=\toks31
(c:/texlive/2020/texmf-dist/tex/generic/pgf/utilities/pgfkeysfiltered.code.tex
\pgfkeys@tmptoks=\toks32
))
\pgf@x=\dimen191
\pgf@y=\dimen192
\pgf@xa=\dimen193
\pgf@ya=\dimen194
\pgf@xb=\dimen195
\pgf@yb=\dimen196
\pgf@xc=\dimen197
\pgf@yc=\dimen198
\pgf@xd=\dimen199
\pgf@yd=\dimen256
\w@pgf@writea=\write3
\r@pgf@reada=\read2
\c@pgf@counta=\count318
\c@pgf@countb=\count319
\c@pgf@countc=\count320
\c@pgf@countd=\count321
\t@pgf@toka=\toks33
\t@pgf@tokb=\toks34
\t@pgf@tokc=\toks35
\pgf@sys@id@count=\count322
(c:/texlive/2020/texmf-dist/tex/generic/pgf/systemlayer/pgf.cfg
File: pgf.cfg 2020/12/27 v3.1.8b (3.1.8b)
)
Driver file for pgf: pgfsys-xetex.def
(c:/texlive/2020/texmf-dist/tex/generic/pgf/systemlayer/pgfsys-xetex.def
File: pgfsys-xetex.def 2020/12/27 v3.1.8b (3.1.8b)
(c:/texlive/2020/texmf-dist/tex/generic/pgf/systemlayer/pgfsys-dvipdfmx.def
File: pgfsys-dvipdfmx.def 2020/12/27 v3.1.8b (3.1.8b)
(c:/texlive/2020/texmf-dist/tex/generic/pgf/systemlayer/pgfsys-common-pdf.def
File: pgfsys-common-pdf.def 2020/12/27 v3.1.8b (3.1.8b)
)
\pgfsys@objnum=\count323
)))
(c:/texlive/2020/texmf-dist/tex/generic/pgf/systemlayer/pgfsyssoftpath.code.tex
File: pgfsyssoftpath.code.tex 2020/12/27 v3.1.8b (3.1.8b)
\pgfsyssoftpath@smallbuffer@items=\count324
\pgfsyssoftpath@bigbuffer@items=\count325
)
(c:/texlive/2020/texmf-dist/tex/generic/pgf/systemlayer/pgfsysprotocol.code.tex
File: pgfsysprotocol.code.tex 2020/12/27 v3.1.8b (3.1.8b)
)) (c:/texlive/2020/texmf-dist/tex/generic/pgf/basiclayer/pgfcore.code.tex
Package: pgfcore 2020/12/27 v3.1.8b (3.1.8b)
(c:/texlive/2020/texmf-dist/tex/generic/pgf/math/pgfmath.code.tex (c:/texlive/2
020/texmf-dist/tex/generic/pgf/math/pgfmathcalc.code.tex (c:/texlive/2020/texmf
-dist/tex/generic/pgf/math/pgfmathutil.code.tex) (c:/texlive/2020/texmf-dist/te
x/generic/pgf/math/pgfmathparser.code.tex
\pgfmath@dimen=\dimen257
\pgfmath@count=\count326
\pgfmath@box=\box59
\pgfmath@toks=\toks36
\pgfmath@stack@operand=\toks37
\pgfmath@stack@operation=\toks38
) (c:/texlive/2020/texmf-dist/tex/generic/pgf/math/pgfmathfunctions.code.tex
(c:/texlive/2020/texmf-dist/tex/generic/pgf/math/pgfmathfunctions.basic.code.te
x)
(c:/texlive/2020/texmf-dist/tex/generic/pgf/math/pgfmathfunctions.trigonometric
.code.tex)
(c:/texlive/2020/texmf-dist/tex/generic/pgf/math/pgfmathfunctions.random.code.t
ex)
(c:/texlive/2020/texmf-dist/tex/generic/pgf/math/pgfmathfunctions.comparison.co
de.tex)
(c:/texlive/2020/texmf-dist/tex/generic/pgf/math/pgfmathfunctions.base.code.tex
)
(c:/texlive/2020/texmf-dist/tex/generic/pgf/math/pgfmathfunctions.round.code.te
x)
(c:/texlive/2020/texmf-dist/tex/generic/pgf/math/pgfmathfunctions.misc.code.tex
)
(c:/texlive/2020/texmf-dist/tex/generic/pgf/math/pgfmathfunctions.integerarithm
etics.code.tex))) (c:/texlive/2020/texmf-dist/tex/generic/pgf/math/pgfmathfloat
.code.tex
\c@pgfmathroundto@lastzeros=\count327
)) (c:/texlive/2020/texmf-dist/tex/generic/pgf/math/pgfint.code.tex) (c:/texliv
e/2020/texmf-dist/tex/generic/pgf/basiclayer/pgfcorepoints.code.tex
File: pgfcorepoints.code.tex 2020/12/27 v3.1.8b (3.1.8b)
\pgf@picminx=\dimen258
\pgf@picmaxx=\dimen259
\pgf@picminy=\dimen260
\pgf@picmaxy=\dimen261
\pgf@pathminx=\dimen262
\pgf@pathmaxx=\dimen263
\pgf@pathminy=\dimen264
\pgf@pathmaxy=\dimen265
\pgf@xx=\dimen266
\pgf@xy=\dimen267
\pgf@yx=\dimen268
\pgf@yy=\dimen269
\pgf@zx=\dimen270
\pgf@zy=\dimen271
)
(c:/texlive/2020/texmf-dist/tex/generic/pgf/basiclayer/pgfcorepathconstruct.cod
e.tex
File: pgfcorepathconstruct.code.tex 2020/12/27 v3.1.8b (3.1.8b)
\pgf@path@lastx=\dimen272
\pgf@path@lasty=\dimen273
)
(c:/texlive/2020/texmf-dist/tex/generic/pgf/basiclayer/pgfcorepathusage.code.te
x
File: pgfcorepathusage.code.tex 2020/12/27 v3.1.8b (3.1.8b)
\pgf@shorten@end@additional=\dimen274
\pgf@shorten@start@additional=\dimen275
) (c:/texlive/2020/texmf-dist/tex/generic/pgf/basiclayer/pgfcorescopes.code.tex
File: pgfcorescopes.code.tex 2020/12/27 v3.1.8b (3.1.8b)
\pgfpic=\box60
\pgf@hbox=\box61
\pgf@layerbox@main=\box62
\pgf@picture@serial@count=\count328
)
(c:/texlive/2020/texmf-dist/tex/generic/pgf/basiclayer/pgfcoregraphicstate.code
.tex
File: pgfcoregraphicstate.code.tex 2020/12/27 v3.1.8b (3.1.8b)
\pgflinewidth=\dimen276
)
(c:/texlive/2020/texmf-dist/tex/generic/pgf/basiclayer/pgfcoretransformations.c
ode.tex
File: pgfcoretransformations.code.tex 2020/12/27 v3.1.8b (3.1.8b)
\pgf@pt@x=\dimen277
\pgf@pt@y=\dimen278
\pgf@pt@temp=\dimen279
) (c:/texlive/2020/texmf-dist/tex/generic/pgf/basiclayer/pgfcorequick.code.tex
File: pgfcorequick.code.tex 2020/12/27 v3.1.8b (3.1.8b)
) (c:/texlive/2020/texmf-dist/tex/generic/pgf/basiclayer/pgfcoreobjects.code.te
x
File: pgfcoreobjects.code.tex 2020/12/27 v3.1.8b (3.1.8b)
)
(c:/texlive/2020/texmf-dist/tex/generic/pgf/basiclayer/pgfcorepathprocessing.co
de.tex
File: pgfcorepathprocessing.code.tex 2020/12/27 v3.1.8b (3.1.8b)
) (c:/texlive/2020/texmf-dist/tex/generic/pgf/basiclayer/pgfcorearrows.code.tex
File: pgfcorearrows.code.tex 2020/12/27 v3.1.8b (3.1.8b)
\pgfarrowsep=\dimen280
) (c:/texlive/2020/texmf-dist/tex/generic/pgf/basiclayer/pgfcoreshade.code.tex
File: pgfcoreshade.code.tex 2020/12/27 v3.1.8b (3.1.8b)
\pgf@max=\dimen281
\pgf@sys@shading@range@num=\count329
\pgf@shadingcount=\count330
) (c:/texlive/2020/texmf-dist/tex/generic/pgf/basiclayer/pgfcoreimage.code.tex
File: pgfcoreimage.code.tex 2020/12/27 v3.1.8b (3.1.8b)

(c:/texlive/2020/texmf-dist/tex/generic/pgf/basiclayer/pgfcoreexternal.code.tex
File: pgfcoreexternal.code.tex 2020/12/27 v3.1.8b (3.1.8b)
\pgfexternal@startupbox=\box63
)) (c:/texlive/2020/texmf-dist/tex/generic/pgf/basiclayer/pgfcorelayers.code.te
x
File: pgfcorelayers.code.tex 2020/12/27 v3.1.8b (3.1.8b)
)
(c:/texlive/2020/texmf-dist/tex/generic/pgf/basiclayer/pgfcoretransparency.code
.tex
File: pgfcoretransparency.code.tex 2020/12/27 v3.1.8b (3.1.8b)
)
(c:/texlive/2020/texmf-dist/tex/generic/pgf/basiclayer/pgfcorepatterns.code.tex
File: pgfcorepatterns.code.tex 2020/12/27 v3.1.8b (3.1.8b)
) (c:/texlive/2020/texmf-dist/tex/generic/pgf/basiclayer/pgfcorerdf.code.tex
File: pgfcorerdf.code.tex 2020/12/27 v3.1.8b (3.1.8b)
))) (c:/texlive/2020/texmf-dist/tex/generic/pgf/modules/pgfmoduleshapes.code.te
x
File: pgfmoduleshapes.code.tex 2020/12/27 v3.1.8b (3.1.8b)
\pgfnodeparttextbox=\box64
) (c:/texlive/2020/texmf-dist/tex/generic/pgf/modules/pgfmoduleplot.code.tex
File: pgfmoduleplot.code.tex 2020/12/27 v3.1.8b (3.1.8b)
)
(c:/texlive/2020/texmf-dist/tex/latex/pgf/compatibility/pgfcomp-version-0-65.st
y
Package: pgfcomp-version-0-65 2020/12/27 v3.1.8b (3.1.8b)
\pgf@nodesepstart=\dimen282
\pgf@nodesepend=\dimen283
)
(c:/texlive/2020/texmf-dist/tex/latex/pgf/compatibility/pgfcomp-version-1-18.st
y
Package: pgfcomp-version-1-18 2020/12/27 v3.1.8b (3.1.8b)
)) (c:/texlive/2020/texmf-dist/tex/latex/tools/verbatim.sty
Package: verbatim 2020-07-07 v1.5u LaTeX2e package for verbatim enhancements
\every@verbatim=\toks39
\verbatim@line=\toks40
\verbatim@in@stream=\read3
) (c:/texlive/2020/texmf-dist/tex/latex/environ/environ.sty
Package: environ 2014/05/04 v0.3 A new way to define environments
(c:/texlive/2020/texmf-dist/tex/latex/trimspaces/trimspaces.sty
Package: trimspaces 2009/09/17 v1.1 Trim spaces around a token list
)) (c:/texlive/2020/texmf-dist/tex/latex/etoolbox/etoolbox.sty
Package: etoolbox 2020/10/05 v2.5k e-TeX tools for LaTeX (JAW)
\etb@tempcnta=\count331
)
\tcb@titlebox=\box65
\tcb@upperbox=\box66
\tcb@lowerbox=\box67
\tcb@phantombox=\box68
\c@tcbbreakpart=\count332
\c@tcblayer=\count333
\c@tcolorbox@number=\count334
\tcb@temp=\box69
\tcb@temp=\box70
\tcb@temp=\box71
\tcb@temp=\box72
\tcb@out=\write4
\tcb@record@out=\write5
(c:/texlive/2020/texmf-dist/tex/latex/tcolorbox/tcbraster.code.tex
Library (tcolorbox): 'tcbraster.code.tex' version '4.42'
\c@tcbrastercolumn=\count335
\c@tcbrasterrow=\count336
\c@tcbraster=\count337
) (c:/texlive/2020/texmf-dist/tex/latex/tcolorbox/tcbskins.code.tex
Library (tcolorbox): 'tcbskins.code.tex' version '4.42'
(c:/texlive/2020/texmf-dist/tex/latex/pgf/frontendlayer/tikz.sty (c:/texlive/20
20/texmf-dist/tex/latex/pgf/utilities/pgffor.sty (c:/texlive/2020/texmf-dist/te
x/latex/pgf/utilities/pgfkeys.sty (c:/texlive/2020/texmf-dist/tex/generic/pgf/u
tilities/pgfkeys.code.tex)) (c:/texlive/2020/texmf-dist/tex/latex/pgf/math/pgfm
ath.sty (c:/texlive/2020/texmf-dist/tex/generic/pgf/math/pgfmath.code.tex)) (c:
/texlive/2020/texmf-dist/tex/generic/pgf/utilities/pgffor.code.tex
Package: pgffor 2020/12/27 v3.1.8b (3.1.8b)
(c:/texlive/2020/texmf-dist/tex/generic/pgf/math/pgfmath.code.tex)
\pgffor@iter=\dimen284
\pgffor@skip=\dimen285
\pgffor@stack=\toks41
\pgffor@toks=\toks42
)) (c:/texlive/2020/texmf-dist/tex/generic/pgf/frontendlayer/tikz/tikz.code.tex
Package: tikz 2020/12/27 v3.1.8b (3.1.8b)

(c:/texlive/2020/texmf-dist/tex/generic/pgf/libraries/pgflibraryplothandlers.co
de.tex
File: pgflibraryplothandlers.code.tex 2020/12/27 v3.1.8b (3.1.8b)
\pgf@plot@mark@count=\count338
\pgfplotmarksize=\dimen286
)
\tikz@lastx=\dimen287
\tikz@lasty=\dimen288
\tikz@lastxsaved=\dimen289
\tikz@lastysaved=\dimen290
\tikz@lastmovetox=\dimen291
\tikz@lastmovetoy=\dimen292
\tikzleveldistance=\dimen293
\tikzsiblingdistance=\dimen294
\tikz@figbox=\box73
\tikz@figbox@bg=\box74
\tikz@tempbox=\box75
\tikz@tempbox@bg=\box76
\tikztreelevel=\count339
\tikznumberofchildren=\count340
\tikznumberofcurrentchild=\count341
\tikz@fig@count=\count342
(c:/texlive/2020/texmf-dist/tex/generic/pgf/modules/pgfmodulematrix.code.tex
File: pgfmodulematrix.code.tex 2020/12/27 v3.1.8b (3.1.8b)
\pgfmatrixcurrentrow=\count343
\pgfmatrixcurrentcolumn=\count344
\pgf@matrix@numberofcolumns=\count345
)
\tikz@expandcount=\count346

(c:/texlive/2020/texmf-dist/tex/generic/pgf/frontendlayer/tikz/libraries/tikzli
brarytopaths.code.tex
File: tikzlibrarytopaths.code.tex 2020/12/27 v3.1.8b (3.1.8b)
)))
\tcb@waterbox=\box77
(c:/texlive/2020/texmf-dist/tex/latex/tcolorbox/tcbskinsjigsaw.code.tex
Library (tcolorbox): 'tcbskinsjigsaw.code.tex' version '4.42'
)) (c:/texlive/2020/texmf-dist/tex/latex/tcolorbox/tcbbreakable.code.tex
Library (tcolorbox): 'tcbbreakable.code.tex' version '4.42'
(c:/texlive/2020/texmf-dist/tex/generic/oberdiek/pdfcol.sty
Package: pdfcol 2019/12/29 v1.6 Handle new color stacks for pdfTeX (HO)
Package pdfcol Info: Interface disabled because of missing PDF mode of pdfTeX.
)
Package pdfcol Info: pdfTeX's color stacks are not available.
\tcb@testbox=\box78
\tcb@totalupperbox=\box79
\tcb@totallowerbox=\box80
) (c:/texlive/2020/texmf-dist/tex/latex/tcolorbox/tcbhooks.code.tex
Library (tcolorbox): 'tcbhooks.code.tex' version '4.42'
) (c:/texlive/2020/texmf-dist/tex/latex/tcolorbox/tcbtheorems.code.tex
Library (tcolorbox): 'tcbtheorems.code.tex' version '4.42'
) (c:/texlive/2020/texmf-dist/tex/latex/tcolorbox/tcbfitting.code.tex
Library (tcolorbox): 'tcbfitting.code.tex' version '4.42'
\tcbfitdim=\dimen295
\tcb@lowerfitdim=\dimen296
\tcb@upperfitdim=\dimen297
\tcb@cur@hbadness=\count347
) (c:/texlive/2020/texmf-dist/tex/latex/tcolorbox/tcbxparse.code.tex
Library (tcolorbox): 'tcbxparse.code.tex' version '4.42'
) (c:/texlive/2020/texmf-dist/tex/latex/tcolorbox/tcblistingsutf8.code.tex
Library (tcolorbox): 'tcblistingsutf8.code.tex' version '4.42'
(c:/texlive/2020/texmf-dist/tex/latex/tcolorbox/tcblistings.code.tex
Library (tcolorbox): 'tcblistings.code.tex' version '4.42'
(c:/texlive/2020/texmf-dist/tex/latex/tcolorbox/tcblistingscore.code.tex
Library (tcolorbox): 'tcblistingscore.code.tex' version '4.42'
(c:/texlive/2020/texmf-dist/tex/latex/tcolorbox/tcbprocessing.code.tex
Library (tcolorbox): 'tcbprocessing.code.tex' version '4.42'
(c:/texlive/2020/texmf-dist/tex/latex/tools/shellesc.sty
Package: shellesc 2019/11/08 v1.0c unified shell escape interface for LaTeX
Package shellesc Info: Restricted shell escape enabled on input line 77.
))
\c@tcblisting=\count348
))
Package tcolorbox Info: Library `listingsutf8' is compatible with pdftex only. 
Library `listings` is loaded instead. on input line 29.
) (c:/texlive/2020/texmf-dist/tex/latex/tcolorbox/tcbexternal.code.tex
Library (tcolorbox): 'tcbexternal.code.tex' version '4.42'
) (c:/texlive/2020/texmf-dist/tex/latex/tcolorbox/tcbmagazine.code.tex
Library (tcolorbox): 'tcbmagazine.code.tex' version '4.42'
) (c:/texlive/2020/texmf-dist/tex/latex/tcolorbox/tcbvignette.code.tex
Library (tcolorbox): 'tcbvignette.code.tex' version '4.42'

(c:/texlive/2020/texmf-dist/tex/generic/pgf/frontendlayer/tikz/libraries/tikzli
braryfadings.code.tex
File: tikzlibraryfadings.code.tex 2020/12/27 v3.1.8b (3.1.8b)

(c:/texlive/2020/texmf-dist/tex/generic/pgf/libraries/pgflibraryfadings.code.te
x
File: pgflibraryfadings.code.tex 2020/12/27 v3.1.8b (3.1.8b)
))) (c:/texlive/2020/texmf-dist/tex/latex/tcolorbox/tcbposter.code.tex
Library (tcolorbox): 'tcbposter.code.tex' version '4.42'
)) (c:/texlive/2020/texmf-dist/tex/latex/polyglossia/polyglossia.sty
Package: polyglossia 2020/12/08 v1.51 Modern multilingual typesetting with XeLa
TeX and LuaLaTeX
(c:/texlive/2020/texmf-dist/tex/latex/makecmds/makecmds.sty
Package: makecmds 2009/09/03 v1.0a extra command making commands
) (c:/texlive/2020/texmf-dist/tex/latex/xkeyval/xkeyval.sty
Package: xkeyval 2020/11/20 v2.8 package option processing (HA)
(c:/texlive/2020/texmf-dist/tex/generic/xkeyval/xkeyval.tex (c:/texlive/2020/te
xmf-dist/tex/generic/xkeyval/xkvutils.tex
\XKV@toks=\toks43
\XKV@tempa@toks=\toks44
)
\XKV@depth=\count349
File: xkeyval.tex 2014/12/03 v2.7a key=value parser (HA)
))
\xpg@normalclass=\XeTeXcharclass1
(c:/texlive/2020/texmf-dist/tex/latex/polyglossia/gloss-latex.ldf
File: gloss-latex.ldf polyglossia: module for default language
The property list \polyglossia@langsetup contains the pairs (without outer
braces):
>  {latex/script}  =>  {latin}
>  {latex/lcscript}  =>  {latin}
>  {latex/scripttag}  =>  {}
>  {latex/language}  =>  {Latex}
>  {latex/langtag}  =>  {ENG}
>  {latex/bcp47}  =>  {}
>  {latex/hyphennames}  =>  {english}
>  {latex/direction}  =>  {LR}
>  {latex/hyphenmins}  =>  {2,3}
>  {latex/frenchspacing}  =>  {false}
>  {latex/indentfirst}  =>  {false}
>  {latex/fontsetup}  =>  {true}
>  {latex/envname}  =>  {latex}
>  {latex/babelname}  =>  {latex}
>  {latex/localnumeral}  =>  {polyglossia@C@localnumeral}
>  {latex/Localnumeral}  =>  {polyglossia@C@localnumeral}.
)
Package polyglossia Info: Default language is latex.
) (c:/texlive/2020/texmf-dist/tex/latex/polyglossia/gloss-french.ldf
File: gloss-french.ldf polyglossia: module for french
The property list \polyglossia@langsetup contains the pairs (without outer
braces):
>  {latex/script}  =>  {latin}
>  {latex/lcscript}  =>  {latin}
>  {latex/scripttag}  =>  {}
>  {latex/language}  =>  {Latex}
>  {latex/langtag}  =>  {ENG}
>  {latex/bcp47}  =>  {}
>  {latex/hyphennames}  =>  {english}
>  {latex/direction}  =>  {LR}
>  {latex/hyphenmins}  =>  {2,3}
>  {latex/frenchspacing}  =>  {false}
>  {latex/indentfirst}  =>  {false}
>  {latex/fontsetup}  =>  {true}
>  {latex/envname}  =>  {latex}
>  {latex/babelname}  =>  {latex}
>  {latex/localnumeral}  =>  {polyglossia@C@localnumeral}
>  {latex/Localnumeral}  =>  {polyglossia@C@localnumeral}
>  {french/script}  =>  {Latin}
>  {french/lcscript}  =>  {latin}
>  {french/scripttag}  =>  {}
>  {french/language}  =>  {French}
>  {french/langtag}  =>  {FRA}
>  {french/bcp47}  =>  {fr-FR}
>  {french/hyphennames}  =>  {french,francais}
>  {french/direction}  =>  {LR}
>  {french/hyphenmins}  =>  {2,2}
>  {french/frenchspacing}  =>  {true}
>  {french/indentfirst}  =>  {true}
>  {french/fontsetup}  =>  {true}
>  {french/envname}  =>  {french}
>  {french/babelname}  =>  {french}
>  {french/localnumeral}  =>  {polyglossia@C@localnumeral}
>  {french/Localnumeral}  =>  {polyglossia@C@localnumeral}.
\french@openbrackets=\XeTeXcharclass2
\french@closebrackets=\XeTeXcharclass3
\french@questionexclamation=\XeTeXcharclass4
\french@punctthin=\XeTeXcharclass5
\french@punctthick=\XeTeXcharclass6
\french@punctguillstart=\XeTeXcharclass7
\french@punctguillend=\XeTeXcharclass8
Package polyglossia Info: Option: French, variant=french.
)
Package polyglossia Info: Default language is french.
\cslhangindent=\skip67
\csllabelwidth=\skip68
(./memoire.aux
LaTeX Info: Redefining \rmfamily on input line 19.
LaTeX Info: Redefining \sffamily on input line 19.
LaTeX Info: Redefining \ttfamily on input line 19.

Package polyglossia Warning: Failed to patch part for French on input line 19.

)
\openout1 = `memoire.aux'.

LaTeX Font Info:    Checking defaults for OML/cmm/m/it on input line 213.
LaTeX Font Info:    ... okay on input line 213.
LaTeX Font Info:    Checking defaults for OMS/cmsy/m/n on input line 213.
LaTeX Font Info:    ... okay on input line 213.
LaTeX Font Info:    Checking defaults for OT1/cmr/m/n on input line 213.
LaTeX Font Info:    ... okay on input line 213.
LaTeX Font Info:    Checking defaults for T1/cmr/m/n on input line 213.
LaTeX Font Info:    ... okay on input line 213.
LaTeX Font Info:    Checking defaults for TS1/cmr/m/n on input line 213.
LaTeX Font Info:    ... okay on input line 213.
LaTeX Font Info:    Checking defaults for TU/lmr/m/n on input line 213.
LaTeX Font Info:    ... okay on input line 213.
LaTeX Font Info:    Checking defaults for OMX/cmex/m/n on input line 213.
LaTeX Font Info:    ... okay on input line 213.
LaTeX Font Info:    Checking defaults for U/cmr/m/n on input line 213.
LaTeX Font Info:    ... okay on input line 213.
LaTeX Font Info:    Checking defaults for PD1/pdf/m/n on input line 213.
LaTeX Font Info:    ... okay on input line 213.
LaTeX Font Info:    Checking defaults for PU/pdf/m/n on input line 213.
LaTeX Font Info:    ... okay on input line 213.
LaTeX Font Info:    Overwriting math alphabet `\mathsf' in version `normal'
(Font)                  OT1/lmss/m/n --> TU/lmss/m/n on input line 213.
LaTeX Font Info:    Overwriting math alphabet `\mathsf' in version `bold'
(Font)                  OT1/lmss/bx/n --> TU/lmss/b/n on input line 213.
LaTeX Font Info:    Overwriting math alphabet `\mathtt' in version `normal'
(Font)                  OT1/lmtt/m/n --> TU/lmtt/m/n on input line 213.
LaTeX Font Info:    Overwriting math alphabet `\mathtt' in version `bold'
(Font)                  OT1/lmtt/m/n --> TU/lmtt/b/n on input line 213.

Package fontspec Info: latinmodern-math scale = 1.225053751273056.


Package fontspec Info: latinmodern-math scale = 1.225053751273056.


Package fontspec Info: latinmodern-math scale = 1.225053751273056.


Package fontspec Info: Font family 'latinmodern-math.otf(0)' created for font
(fontspec)             'latinmodern-math.otf' with options
(fontspec)             [Scale=MatchLowercase,BoldItalicFont={},ItalicFont={},Sm
allCapsFont={},Script=Math,BoldFont={latinmodern-math.otf}].
(fontspec)              
(fontspec)              This font family consists of the following NFSS
(fontspec)             series/shapes:
(fontspec)              
(fontspec)             - 'normal' (m/n) with NFSS spec.:
(fontspec)             <->s*[1.225053751273056]"[latinmodern-math.otf]/OT:scrip
t=math;language=dflt;"
(fontspec)             - 'small caps'  (m/sc) with NFSS spec.: 
(fontspec)             - 'bold' (b/n) with NFSS spec.:
(fontspec)             <->s*[1.225053751273056]"[latinmodern-math.otf]/OT:scrip
t=math;language=dflt;"
(fontspec)             - 'bold small caps'  (b/sc) with NFSS spec.: 

LaTeX Font Info:    Font shape `TU/latinmodern-math.otf(0)/m/n' will be
(Font)              scaled to size 13.4143pt on input line 213.

Package fontspec Info: latinmodern-math scale = 1.225053751273056.


Package fontspec Info: latinmodern-math scale = 1.225053751273056.


Package fontspec Info: latinmodern-math scale = 1.225053751273056.


Package fontspec Info: latinmodern-math scale = 1.225053751273056.


Package fontspec Info: latinmodern-math scale = 1.225053751273056.


Package fontspec Info: Font family 'latinmodern-math.otf(1)' created for font
(fontspec)             'latinmodern-math.otf' with options
(fontspec)             [Scale=MatchLowercase,BoldItalicFont={},ItalicFont={},Sm
allCapsFont={},Script=Math,SizeFeatures={{Size=9.3075-},{Size=6.57-9.3075,Font=
latinmodern-math.otf,Style=MathScript},{Size=-6.57,Font=latinmodern-math.otf,St
yle=MathScriptScript}},BoldFont={latinmodern-math.otf}].
(fontspec)              
(fontspec)              This font family consists of the following NFSS
(fontspec)             series/shapes:
(fontspec)              
(fontspec)             - 'normal' (m/n) with NFSS spec.:
(fontspec)             <9.3075->s*[1.225053751273056]"[latinmodern-math.otf]/OT
:script=math;language=dflt;"<6.57-9.3075>s*[1.225053751273056]"[latinmodern-mat
h.otf]/OT:script=math;language=dflt;+ssty=0;"<-6.57>s*[1.225053751273056]"[lati
nmodern-math.otf]/OT:script=math;language=dflt;+ssty=1;"
(fontspec)             - 'small caps'  (m/sc) with NFSS spec.: 
(fontspec)             - 'bold' (b/n) with NFSS spec.:
(fontspec)             <->s*[1.225053751273056]"[latinmodern-math.otf]/OT:scrip
t=math;language=dflt;"
(fontspec)             - 'bold small caps'  (b/sc) with NFSS spec.: 

LaTeX Font Info:    Font shape `TU/latinmodern-math.otf(1)/m/n' will be
(Font)              scaled to size 13.4143pt on input line 213.
LaTeX Font Info:    Encoding `OT1' has changed to `TU' for symbol font
(Font)              `operators' in the math version `normal' on input line 213.

LaTeX Font Info:    Overwriting symbol font `operators' in version `normal'
(Font)                  OT1/lmr/m/n --> TU/latinmodern-math.otf(1)/m/n on input
 line 213.
LaTeX Font Info:    Encoding `OT1' has changed to `TU' for symbol font
(Font)              `operators' in the math version `bold' on input line 213.
LaTeX Font Info:    Overwriting symbol font `operators' in version `bold'
(Font)                  OT1/lmr/bx/n --> TU/latinmodern-math.otf(1)/b/n on inpu
t line 213.

Package fontspec Info: latinmodern-math scale = 1.225053751273056.


Package fontspec Info: latinmodern-math scale = 1.225176256648183.


Package fontspec Info: latinmodern-math scale = 1.225053751273056.


Package fontspec Info: latinmodern-math scale = 1.225176256648183.


Package fontspec Info: latinmodern-math scale = 1.225053751273056.


Package fontspec Info: latinmodern-math scale = 1.225176256648183.


Package fontspec Info: latinmodern-math scale = 1.225053751273056.


Package fontspec Info: latinmodern-math scale = 1.225176256648183.


Package fontspec Info: latinmodern-math scale = 1.225053751273056.


Package fontspec Info: latinmodern-math scale = 1.225176256648183.


Package fontspec Info: Font family 'latinmodern-math.otf(2)' created for font
(fontspec)             'latinmodern-math.otf' with options
(fontspec)             [Scale=MatchLowercase,BoldItalicFont={},ItalicFont={},Sm
allCapsFont={},Script=Math,SizeFeatures={{Size=9.3075-},{Size=6.57-9.3075,Font=
latinmodern-math.otf,Style=MathScript},{Size=-6.57,Font=latinmodern-math.otf,St
yle=MathScriptScript}},BoldFont={latinmodern-math.otf},ScaleAgain=1.0001,FontAd
justment={\fontdimen
(fontspec)             8\font =9.08148pt\relax \fontdimen 9\font
(fontspec)             =5.28523pt\relax \fontdimen 10\font =5.95595pt\relax
(fontspec)             \fontdimen 11\font =9.20221pt\relax \fontdimen 12\font
(fontspec)             =4.62793pt\relax \fontdimen 13\font =4.8694pt\relax
(fontspec)             \fontdimen 14\font =4.8694pt\relax \fontdimen 15\font
(fontspec)             =3.87674pt\relax \fontdimen 16\font =3.31334pt\relax
(fontspec)             \fontdimen 17\font =3.31334pt\relax \fontdimen 18\font
(fontspec)             =3.35358pt\relax \fontdimen 19\font =2.68286pt\relax
(fontspec)             \fontdimen 22\font =3.35358pt\relax \fontdimen 20\font
(fontspec)             =0pt\relax \fontdimen 21\font =0pt\relax }].
(fontspec)              
(fontspec)              This font family consists of the following NFSS
(fontspec)             series/shapes:
(fontspec)              
(fontspec)             - 'normal' (m/n) with NFSS spec.:
(fontspec)             <9.3075->s*[1.225176256648183]"[latinmodern-math.otf]/OT
:script=math;language=dflt;"<6.57-9.3075>s*[1.225176256648183]"[latinmodern-mat
h.otf]/OT:script=math;language=dflt;+ssty=0;"<-6.57>s*[1.225176256648183]"[lati
nmodern-math.otf]/OT:script=math;language=dflt;+ssty=1;"
(fontspec)             - 'small caps'  (m/sc) with NFSS spec.: 
(fontspec)             and font adjustment code:
(fontspec)             \fontdimen 8\font =9.08148pt\relax \fontdimen 9\font
(fontspec)             =5.28523pt\relax \fontdimen 10\font =5.95595pt\relax
(fontspec)             \fontdimen 11\font =9.20221pt\relax \fontdimen 12\font
(fontspec)             =4.62793pt\relax \fontdimen 13\font =4.8694pt\relax
(fontspec)             \fontdimen 14\font =4.8694pt\relax \fontdimen 15\font
(fontspec)             =3.87674pt\relax \fontdimen 16\font =3.31334pt\relax
(fontspec)             \fontdimen 17\font =3.31334pt\relax \fontdimen 18\font
(fontspec)             =3.35358pt\relax \fontdimen 19\font =2.68286pt\relax
(fontspec)             \fontdimen 22\font =3.35358pt\relax \fontdimen 20\font
(fontspec)             =0pt\relax \fontdimen 21\font =0pt\relax 
(fontspec)             - 'bold' (b/n) with NFSS spec.:
(fontspec)             <->s*[1.225176256648183]"[latinmodern-math.otf]/OT:scrip
t=math;language=dflt;"
(fontspec)             - 'bold small caps'  (b/sc) with NFSS spec.: 
(fontspec)             and font adjustment code:
(fontspec)             \fontdimen 8\font =9.08148pt\relax \fontdimen 9\font
(fontspec)             =5.28523pt\relax \fontdimen 10\font =5.95595pt\relax
(fontspec)             \fontdimen 11\font =9.20221pt\relax \fontdimen 12\font
(fontspec)             =4.62793pt\relax \fontdimen 13\font =4.8694pt\relax
(fontspec)             \fontdimen 14\font =4.8694pt\relax \fontdimen 15\font
(fontspec)             =3.87674pt\relax \fontdimen 16\font =3.31334pt\relax
(fontspec)             \fontdimen 17\font =3.31334pt\relax \fontdimen 18\font
(fontspec)             =3.35358pt\relax \fontdimen 19\font =2.68286pt\relax
(fontspec)             \fontdimen 22\font =3.35358pt\relax \fontdimen 20\font
(fontspec)             =0pt\relax \fontdimen 21\font =0pt\relax 

LaTeX Font Info:    Encoding `OMS' has changed to `TU' for symbol font
(Font)              `symbols' in the math version `normal' on input line 213.
LaTeX Font Info:    Overwriting symbol font `symbols' in version `normal'
(Font)                  OMS/lmsy/m/n --> TU/latinmodern-math.otf(2)/m/n on inpu
t line 213.
LaTeX Font Info:    Encoding `OMS' has changed to `TU' for symbol font
(Font)              `symbols' in the math version `bold' on input line 213.
LaTeX Font Info:    Overwriting symbol font `symbols' in version `bold'
(Font)                  OMS/lmsy/b/n --> TU/latinmodern-math.otf(2)/b/n on inpu
t line 213.

Package fontspec Info: latinmodern-math scale = 1.225053751273056.


Package fontspec Info: latinmodern-math scale = 1.224931245897929.


Package fontspec Info: latinmodern-math scale = 1.225053751273056.


Package fontspec Info: latinmodern-math scale = 1.224931245897929.


Package fontspec Info: latinmodern-math scale = 1.225053751273056.


Package fontspec Info: latinmodern-math scale = 1.224931245897929.


Package fontspec Info: latinmodern-math scale = 1.225053751273056.


Package fontspec Info: latinmodern-math scale = 1.224931245897929.


Package fontspec Info: latinmodern-math scale = 1.225053751273056.


Package fontspec Info: latinmodern-math scale = 1.224931245897929.


Package fontspec Info: Font family 'latinmodern-math.otf(3)' created for font
(fontspec)             'latinmodern-math.otf' with options
(fontspec)             [Scale=MatchLowercase,BoldItalicFont={},ItalicFont={},Sm
allCapsFont={},Script=Math,SizeFeatures={{Size=9.3075-},{Size=6.57-9.3075,Font=
latinmodern-math.otf,Style=MathScript},{Size=-6.57,Font=latinmodern-math.otf,St
yle=MathScriptScript}},BoldFont={latinmodern-math.otf},ScaleAgain=0.9999,FontAd
justment={\fontdimen
(fontspec)             8\font =0.53658pt\relax \fontdimen 9\font
(fontspec)             =2.68286pt\relax \fontdimen 10\font =2.24019pt\relax
(fontspec)             \fontdimen 11\font =1.48898pt\relax \fontdimen 12\font
(fontspec)             =8.04858pt\relax \fontdimen 13\font =0pt\relax }].
(fontspec)              
(fontspec)              This font family consists of the following NFSS
(fontspec)             series/shapes:
(fontspec)              
(fontspec)             - 'normal' (m/n) with NFSS spec.:
(fontspec)             <9.3075->s*[1.224931245897929]"[latinmodern-math.otf]/OT
:script=math;language=dflt;"<6.57-9.3075>s*[1.224931245897929]"[latinmodern-mat
h.otf]/OT:script=math;language=dflt;+ssty=0;"<-6.57>s*[1.224931245897929]"[lati
nmodern-math.otf]/OT:script=math;language=dflt;+ssty=1;"
(fontspec)             - 'small caps'  (m/sc) with NFSS spec.: 
(fontspec)             and font adjustment code:
(fontspec)             \fontdimen 8\font =0.53658pt\relax \fontdimen 9\font
(fontspec)             =2.68286pt\relax \fontdimen 10\font =2.24019pt\relax
(fontspec)             \fontdimen 11\font =1.48898pt\relax \fontdimen 12\font
(fontspec)             =8.04858pt\relax \fontdimen 13\font =0pt\relax 
(fontspec)             - 'bold' (b/n) with NFSS spec.:
(fontspec)             <->s*[1.224931245897929]"[latinmodern-math.otf]/OT:scrip
t=math;language=dflt;"
(fontspec)             - 'bold small caps'  (b/sc) with NFSS spec.: 
(fontspec)             and font adjustment code:
(fontspec)             \fontdimen 8\font =0.53658pt\relax \fontdimen 9\font
(fontspec)             =2.68286pt\relax \fontdimen 10\font =2.24019pt\relax
(fontspec)             \fontdimen 11\font =1.48898pt\relax \fontdimen 12\font
(fontspec)             =8.04858pt\relax \fontdimen 13\font =0pt\relax 

LaTeX Font Info:    Encoding `OMX' has changed to `TU' for symbol font
(Font)              `largesymbols' in the math version `normal' on input line 2
13.
LaTeX Font Info:    Overwriting symbol font `largesymbols' in version `normal'
(Font)                  OMX/lmex/m/n --> TU/latinmodern-math.otf(3)/m/n on inpu
t line 213.
LaTeX Font Info:    Encoding `OMX' has changed to `TU' for symbol font
(Font)              `largesymbols' in the math version `bold' on input line 213
.
LaTeX Font Info:    Overwriting symbol font `largesymbols' in version `bold'
(Font)                  OMX/lmex/m/n --> TU/latinmodern-math.otf(3)/b/n on inpu
t line 213.
LaTeX Info: Redefining \microtypecontext on input line 213.
Package microtype Info: Character protrusion enabled (level 2).
Package microtype Info: Using protrusion set `basicmath'.
Package microtype Info: No adjustment of tracking.
Package microtype Info: No adjustment of spacing.
Package microtype Info: No adjustment of kerning.
Package microtype Info: Loading generic protrusion settings for font family
(microtype)             `RobotoLight' (encoding: TU).
(microtype)             For optimal results, create family-specific settings.
(microtype)             See the microtype manual for details.
Package hyperref Info: Link coloring OFF on input line 213.
(c:/texlive/2020/texmf-dist/tex/latex/hyperref/nameref.sty
Package: nameref 2021-04-02 v2.47 Cross-referencing by name of section
(c:/texlive/2020/texmf-dist/tex/latex/refcount/refcount.sty
Package: refcount 2019/12/15 v3.6 Data extraction from label references (HO)
) (c:/texlive/2020/texmf-dist/tex/generic/gettitlestring/gettitlestring.sty
Package: gettitlestring 2019/12/15 v1.6 Cleanup title references (HO)
)
\c@section@level=\count350
)
LaTeX Info: Redefining \ref on input line 213.
LaTeX Info: Redefining \pageref on input line 213.
LaTeX Info: Redefining \nameref on input line 213.
*geometry* driver: auto-detecting
*geometry* detected driver: xetex
*geometry* verbose mode - [ preamble ] result:
* driver: xetex
* paper: <default>
* layout: <same size as paper>
* layoutoffset:(h,v)=(0.0pt,0.0pt)
* modes: 
* h-part:(L,W,R)=(42.67912pt, 528.93675pt, 42.67912pt)
* v-part:(T,H,B)=(42.67912pt, 695.38536pt, 56.9055pt)
* \paperwidth=614.295pt
* \paperheight=794.96999pt
* \textwidth=528.93675pt
* \textheight=695.38536pt
* \oddsidemargin=-29.59087pt
* \evensidemargin=-29.59087pt
* \topmargin=-66.59087pt
* \headheight=12.0pt
* \headsep=25.0pt
* \topskip=11.0pt
* \footskip=30.0pt
* \marginparwidth=59.0pt
* \marginparsep=10.0pt
* \columnsep=10.0pt
* \skip\footins=34.0pt plus 9.0pt minus 2.0pt
* \hoffset=0.0pt
* \voffset=0.0pt
* \mag=1000
* \@twocolumnfalse
* \@twosidefalse
* \@mparswitchfalse
* \@reversemarginfalse
* (1in=72.27pt=25.4mm, 1cm=28.453pt)

\c@lstlisting=\count351
(c:/texlive/2020/texmf-dist/tex/latex/pdflscape/pdflscape.sty
Package: pdflscape 2019/12/05 v0.12 Display of landscape pages in PDF (HO)
(c:/texlive/2020/texmf-dist/tex/latex/graphics/lscape.sty
Package: lscape 2020/05/28 v3.02 Landscape Pages (DPC)
)
Package pdflscape Info: Auto-detected driver: dvipdfm (xetex) on input line 98.

)
Package caption Info: Begin \AtBeginDocument code.
Package caption Info: End \AtBeginDocument code.
LaTeX Info: Redefining \rmfamily on input line 213.
LaTeX Info: Redefining \sffamily on input line 213.
LaTeX Info: Redefining \ttfamily on input line 213.

Package polyglossia Warning: Failed to patch part for French on input line 213.


File: __imgs/couverture.pdf Graphic file (type pdf)
<use __imgs/couverture.pdf>
File: __imgs/couverture.pdf Graphic file (type pdf)
<use __imgs/couverture.pdf>
File: __imgs/couverture.pdf Graphic file (type pdf)
<use __imgs/couverture.pdf, page 1>
File: __imgs/couverture.pdf Graphic file (type pdf)
<use __imgs/couverture.pdf, page 1>
File: __imgs/couverture.pdf Graphic file (type pdf)
<use __imgs/couverture.pdf, page 1>
File: __imgs/couverture.pdf Graphic file (type pdf)
<use __imgs/couverture.pdf, page 1>
File: __imgs/couverture.pdf Graphic file (type pdf)
<use __imgs/couverture.pdf, page 1>
[1

] [1] [2]
LaTeX Font Info:    Font shape `TU/Roboto(0)/m/n' will be
(Font)              scaled to size 10.95pt on input line 228.
LaTeX Font Info:    Font shape `TU/Roboto(0)/m/n' will be
(Font)              scaled to size 14.4pt on input line 228.
LaTeX Font Info:    Font shape `TU/Roboto(0)/b/n' will be
(Font)              scaled to size 14.4pt on input line 228.
LaTeX Font Info:    Font shape `TU/RobotoLight(0)/b/n' will be
(Font)              scaled to size 10.95pt on input line 238.

Underfull \hbox (badness 10000) in paragraph at lines 231--248

 []

[3] [4] (./memoire.toc
LaTeX Info: Redefining \rmfamily on input line 1.
LaTeX Info: Redefining \sffamily on input line 1.
LaTeX Info: Redefining \ttfamily on input line 1.

Package polyglossia Warning: Failed to patch part for French on input line 1.

LaTeX Font Info:    Font shape `TU/latinmodern-math.otf(1)/m/n' will be
(Font)              scaled to size 9.39pt on input line 6.
LaTeX Font Info:    Font shape `TU/latinmodern-math.otf(1)/m/n' will be
(Font)              scaled to size 6.70715pt on input line 6.
LaTeX Font Info:    Trying to load font information for OML+lmm on input line 6
.
(c:/texlive/2020/texmf-dist/tex/latex/lm/omllmm.fd
File: omllmm.fd 2009/10/30 v1.6 Font defs for Latin Modern
)
LaTeX Font Info:    Font shape `TU/latinmodern-math.otf(2)/m/n' will be
(Font)              scaled to size 13.41565pt on input line 6.
LaTeX Font Info:    Font shape `TU/latinmodern-math.otf(2)/m/n' will be
(Font)              scaled to size 9.39095pt on input line 6.
LaTeX Font Info:    Font shape `TU/latinmodern-math.otf(2)/m/n' will be
(Font)              scaled to size 6.70782pt on input line 6.
LaTeX Font Info:    Font shape `TU/latinmodern-math.otf(3)/m/n' will be
(Font)              scaled to size 13.41296pt on input line 6.
LaTeX Font Info:    Font shape `TU/latinmodern-math.otf(3)/m/n' will be
(Font)              scaled to size 9.38907pt on input line 6.
LaTeX Font Info:    Font shape `TU/latinmodern-math.otf(3)/m/n' will be
(Font)              scaled to size 6.7065pt on input line 6.
LaTeX Font Info:    Trying to load font information for U+msa on input line 6.
(c:/texlive/2020/texmf-dist/tex/latex/amsfonts/umsa.fd
File: umsa.fd 2013/01/14 v3.01 AMS symbols A
) (c:/texlive/2020/texmf-dist/tex/latex/microtype/mt-msa.cfg
File: mt-msa.cfg 2006/02/04 v1.1 microtype config. file: AMS symbols (a) (RS)
)
LaTeX Font Info:    Trying to load font information for U+msb on input line 6.
(c:/texlive/2020/texmf-dist/tex/latex/amsfonts/umsb.fd
File: umsb.fd 2013/01/14 v3.01 AMS symbols B
) (c:/texlive/2020/texmf-dist/tex/latex/microtype/mt-msb.cfg
File: mt-msb.cfg 2005/06/01 v1.0 microtype config. file: AMS symbols (b) (RS)
))
\tf@toc=\write6
\openout6 = `memoire.toc'.

[5] [6]
LaTeX Font Info:    Font shape `TU/RobotoLight(0)/m/n' will be
(Font)              scaled to size 7.665pt on input line 277.
LaTeX Font Info:    Font shape `TU/RobotoLight(0)/m/n' will be
(Font)              scaled to size 9.0pt on input line 280.
LaTeX Font Info:    Font shape `TU/latinmodern-math.otf(1)/m/n' will be
(Font)              scaled to size 11.02547pt on input line 280.
LaTeX Font Info:    Font shape `TU/latinmodern-math.otf(1)/m/n' will be
(Font)              scaled to size 7.35031pt on input line 280.
LaTeX Font Info:    Font shape `TU/latinmodern-math.otf(1)/m/n' will be
(Font)              scaled to size 6.12526pt on input line 280.
LaTeX Font Info:    Font shape `TU/latinmodern-math.otf(2)/m/n' will be
(Font)              scaled to size 11.02657pt on input line 280.
LaTeX Font Info:    Font shape `TU/latinmodern-math.otf(2)/m/n' will be
(Font)              scaled to size 7.35104pt on input line 280.
LaTeX Font Info:    Font shape `TU/latinmodern-math.otf(2)/m/n' will be
(Font)              scaled to size 6.12587pt on input line 280.
LaTeX Font Info:    Font shape `TU/latinmodern-math.otf(3)/m/n' will be
(Font)              scaled to size 11.02437pt on input line 280.
LaTeX Font Info:    Font shape `TU/latinmodern-math.otf(3)/m/n' will be
(Font)              scaled to size 7.34958pt on input line 280.
LaTeX Font Info:    Font shape `TU/latinmodern-math.otf(3)/m/n' will be
(Font)              scaled to size 6.12465pt on input line 280.
LaTeX Font Info:    Font shape `TU/RobotoLight(0)/m/n' will be
(Font)              scaled to size 6.0pt on input line 280.
LaTeX Font Info:    Font shape `TU/RobotoLight(0)/m/it' will be
(Font)              scaled to size 9.0pt on input line 280.
LaTeX Font Info:    Font shape `TU/RobotoLight(0)/m/it' will be
(Font)              scaled to size 10.95pt on input line 298.

Underfull \hbox (badness 10000) in paragraph at lines 272--449

 []


Underfull \hbox (badness 10000) in paragraph at lines 272--449

 []


Underfull \hbox (badness 10000) in paragraph at lines 272--449

 []


Underfull \hbox (badness 1168) in paragraph at lines 272--449
\TU/RobotoLight(0)/m/n/10.95 Ds lors, un point essentiel est l\TU/RobotoLight
(0)/b/n/10.95 accs public \TU/RobotoLight(0)/m/n/10.95 (sans authentification 
ou contrepartie par exemple), ind-
 []


Underfull \hbox (badness 10000) in paragraph at lines 272--449

 []


Underfull \hbox (badness 10000) in paragraph at lines 272--449

 []


Underfull \hbox (badness 10000) in paragraph at lines 272--449

 []


Underfull \hbox (badness 10000) in paragraph at lines 272--449

 []


Underfull \hbox (badness 10000) in paragraph at lines 272--449

 []


Underfull \hbox (badness 10000) in paragraph at lines 272--449

 []


Underfull \hbox (badness 10000) in paragraph at lines 272--449

 []


Underfull \hbox (badness 10000) in paragraph at lines 272--449

 []


Underfull \hbox (badness 10000) in paragraph at lines 272--449

 []


Underfull \hbox (badness 10000) in paragraph at lines 272--449

 []


Underfull \hbox (badness 1281) in paragraph at lines 272--449
\TU/RobotoLight(0)/m/n/10.95 Ds lors, face  la \TU/RobotoLight(0)/b/n/10.95 c
omplexit des enjeux \TU/RobotoLight(0)/m/n/10.95 auxquels la \TU/RobotoLight(0
)/b/n/10.95 conception architecturale \TU/RobotoLight(0)/m/n/10.95 fait appel (
climatique,
 []


Underfull \hbox (badness 10000) in paragraph at lines 272--449

 []


Underfull \hbox (badness 1253) in paragraph at lines 272--449
[]\TU/RobotoLight(0)/b/n/10.95 Ainsi, dans quelle mesure lexploitation de donn
es issues de lOpen Data grce au langage Python
 []


Underfull \hbox (badness 10000) in paragraph at lines 272--449

 []

[7] [8] [9] [10]
Underfull \hbox (badness 10000) in paragraph at lines 456--493

 []


Underfull \hbox (badness 10000) in paragraph at lines 456--493

 []


Underfull \hbox (badness 10000) in paragraph at lines 456--493

 []

[11] [12]
LaTeX Font Info:    Font shape `TU/RobotoLight(0)/m/it' will be
(Font)              scaled to size 10.0pt on input line 513.

Package caption Warning: The option `hypcap=true' will be ignored for this
(caption)                particular \caption on input line 513.
See the caption package documentation for explanation.

LaTeX Font Info:    Font shape `TU/RobotoLight(0)/m/it' will be
(Font)              scaled to size 6.0pt on input line 513.
File: __imgs/site_odp_carte.jpg Graphic file (type bmp)
<__imgs/site_odp_carte.jpg>
[13]
Underfull \hbox (badness 10000) in paragraph at lines 526--538

 []


Package caption Warning: The option `hypcap=true' will be ignored for this
(caption)                particular \caption on input line 540.
See the caption package documentation for explanation.

File: __imgs/site_odp_tableau.jpg Graphic file (type bmp)
<__imgs/site_odp_tableau.jpg>

Package caption Warning: The option `hypcap=true' will be ignored for this
(caption)                particular \caption on input line 558.
See the caption package documentation for explanation.

File: __imgs/primitives_geometriques.png Graphic file (type bmp)
<__imgs/primitives_geometriques.png>
[14]
Underfull \hbox (badness 10000) in paragraph at lines 565--595

 []


Underfull \hbox (badness 10000) in paragraph at lines 565--595

 []


Underfull \hbox (badness 10000) in paragraph at lines 565--595

 []


Underfull \hbox (badness 10000) in paragraph at lines 565--595

 []

[15]
Underfull \hbox (badness 10000) in paragraph at lines 602--613

 []


Package caption Warning: The option `hypcap=true' will be ignored for this
(caption)                particular \caption on input line 615.
See the caption package documentation for explanation.

File: __imgs/odp_meta1.jpg Graphic file (type bmp)
<__imgs/odp_meta1.jpg>

Underfull \hbox (badness 10000) in paragraph at lines 622--635

 []

[16]

Package caption Warning: The option `hypcap=true' will be ignored for this
(caption)                particular \caption on input line 637.
See the caption package documentation for explanation.

File: __imgs/odp_meta2.jpg Graphic file (type bmp)
<__imgs/odp_meta2.jpg>
LaTeX Font Info:    Font shape `TU/RobotoLight(0)/b/it' will be
(Font)              scaled to size 10.95pt on input line 648.

Underfull \hbox (badness 10000) in paragraph at lines 644--664

 []

[17] [18]
Underfull \hbox (badness 10000) in paragraph at lines 671--681

 []


Package caption Warning: The option `hypcap=true' will be ignored for this
(caption)                particular \caption on input line 683.
See the caption package documentation for explanation.

File: __imgs/site_odp_carte_zone.jpg Graphic file (type bmp)
<__imgs/site_odp_carte_zone.jpg>

Package caption Warning: The option `hypcap=true' will be ignored for this
(caption)                particular \caption on input line 691.
See the caption package documentation for explanation.

File: __imgs/site_odp_formats.jpg Graphic file (type bmp)
<__imgs/site_odp_formats.jpg>
[19]
Underfull \hbox (badness 10000) in paragraph at lines 698--708

 []


Underfull \hbox (badness 10000) in paragraph at lines 698--708

 []

[20]

Package caption Warning: The option `hypcap=true' will be ignored for this
(caption)                particular \caption on input line 715.
See the caption package documentation for explanation.

File: __imgs/io_csv.png Graphic file (type bmp)
<__imgs/io_csv.png>
(c:/texlive/2020/texmf-dist/tex/latex/listings/lstlang1.sty
File: lstlang1.sty 2020/03/24 1.8d listings language file
)
LaTeX Font Info:    Font shape `TU/RobotoLight(0)/m/n' will be
(Font)              scaled to size 8.0pt on input line 724.
LaTeX Font Info:    Font shape `TU/Ubuntu(0)/m/n' will be
(Font)              scaled to size 8.12305pt on input line 724.
LaTeX Font Info:    Font shape `TU/RobotoLight(0)/m/it' will be
(Font)              scaled to size 8.0pt on input line 725.
LaTeX Font Info:    Font shape `TU/RobotoLight(0)/b/n' will be
(Font)              scaled to size 8.0pt on input line 726.
LaTeX Font Info:    Font shape `TU/Ubuntu(0)/m/it' will be
(Font)              scaled to size 8.12305pt on input line 733.
[21]

Package caption Warning: The option `hypcap=true' will be ignored for this
(caption)                particular \caption on input line 757.
See the caption package documentation for explanation.

File: __imgs/io_json.png Graphic file (type bmp)
<__imgs/io_json.png>
Missing character: There is no  in font Ubuntu Regular/OT:script=latn;language
=dflt;!
Missing character: There is no  in font Ubuntu Regular/OT:script=latn;language
=dflt;!
Missing character: There is no  in font Ubuntu Regular/OT:script=latn;language
=dflt;!
Missing character: There is no  in font Ubuntu Regular/OT:script=latn;language
=dflt;!
Missing character: There is no  in font Ubuntu Regular/OT:script=latn;language
=dflt;!
Missing character: There is no  in font Ubuntu Regular/OT:script=latn;language
=dflt;!
Missing character: There is no  in font Ubuntu Regular/OT:script=latn;language
=dflt;!
Missing character: There is no  in font Ubuntu Regular/OT:script=latn;language
=dflt;!
Missing character: There is no  in font Ubuntu Regular/OT:script=latn;language
=dflt;!
Missing character: There is no  in font Ubuntu Regular/OT:script=latn;language
=dflt;!
Missing character: There is no  in font Ubuntu Regular/OT:script=latn;language
=dflt;!
Missing character: There is no  in font Ubuntu Regular/OT:script=latn;language
=dflt;!
[22] [23]
Underfull \hbox (badness 10000) in paragraph at lines 850--868

 []


Underfull \hbox (badness 10000) in paragraph at lines 850--868

 []


Package caption Warning: The option `hypcap=true' will be ignored for this
(caption)                particular \caption on input line 870.
See the caption package documentation for explanation.

File: __imgs/io_gpd.png Graphic file (type bmp)
<__imgs/io_gpd.png>
[24] [25]
Underfull \hbox (badness 10000) in paragraph at lines 950--962

 []

[26]
LaTeX Font Info:    Font shape `TU/Ubuntu(0)/m/n' will be
(Font)              scaled to size 9.74762pt on input line 1010.
[27]
Underfull \hbox (badness 10000) in paragraph at lines 1048--1056

 []

[28]
Underfull \hbox (badness 10000) in paragraph at lines 1097--1109

 []

LaTeX Font Info:    Font shape `TU/RobotoLight(0)/b/n' will be
(Font)              scaled to size 7.665pt on input line 1139.
[29]

Package caption Warning: The option `hypcap=true' will be ignored for this
(caption)                particular \caption on input line 1151.
See the caption package documentation for explanation.

File: __imgs/hpaf.png Graphic file (type bmp)
<__imgs/hpaf.png>
[30] [31]
Underfull \hbox (badness 10000) in paragraph at lines 1274--1287

 []

[32] [33] [34]
Underfull \hbox (badness 10000) in paragraph at lines 1298--1327

 []


Underfull \hbox (badness 10000) in paragraph at lines 1298--1327

 []


Underfull \hbox (badness 10000) in paragraph at lines 1298--1327

 []


Package caption Warning: The option `hypcap=true' will be ignored for this
(caption)                particular \caption on input line 1329.
See the caption package documentation for explanation.

File: __imgs/p2.png Graphic file (type bmp)
<__imgs/p2.png>
[35] [36] [37]
Underfull \hbox (badness 10000) in paragraph at lines 1372--1392

 []

Missing character: There is no  in font Ubuntu Regular/OT:script=latn;language
=dflt;!
Missing character: There is no  in font Ubuntu Regular/OT:script=latn;language
=dflt;!
Missing character: There is no  in font Ubuntu Regular/OT:script=latn;language
=dflt;!
Missing character: There is no  in font Ubuntu Regular/OT:script=latn;language
=dflt;!
Missing character: There is no  in font Ubuntu Regular/OT:script=latn;language
=dflt;!
Missing character: There is no  in font Ubuntu Regular/OT:script=latn;language
=dflt;!
[38]

Package caption Warning: The option `hypcap=true' will be ignored for this
(caption)                particular \caption on input line 1407.
See the caption package documentation for explanation.

File: OUTPUT/graphique_hauteurs.png Graphic file (type bmp)
<OUTPUT/graphique_hauteurs.png>
File: __imgs/graphique_hauteurs_int.png Graphic file (type bmp)
<__imgs/graphique_hauteurs_int.png>
[39]

Package caption Warning: The option `hypcap=true' will be ignored for this
(caption)                particular \caption on input line 1451.
See the caption package documentation for explanation.

File: OUTPUT/graphique_repart.png Graphic file (type bmp)
<OUTPUT/graphique_repart.png>
[40]
Underfull \hbox (badness 10000) in paragraph at lines 1496--1506

 []

[41]
Missing character: There is no  in font Ubuntu Regular/OT:script=latn;language
=dflt;!
Missing character: There is no  in font Ubuntu Regular/OT:script=latn;language
=dflt;!
Missing character: There is no  in font Ubuntu Regular/OT:script=latn;language
=dflt;!

Package caption Warning: The option `hypcap=true' will be ignored for this
(caption)                particular \caption on input line 1553.
See the caption package documentation for explanation.

File: __imgs/carte_hauteurs_1.png Graphic file (type bmp)
<__imgs/carte_hauteurs_1.png>
File: __imgs/carte_hauteurs_2.png Graphic file (type bmp)
<__imgs/carte_hauteurs_2.png>
[42]
Underfull \hbox (badness 10000) in paragraph at lines 1560--1570

 []

[43] [44] [45]
Underfull \hbox (badness 10000) in paragraph at lines 1594--1615

 []


Underfull \hbox (badness 1231) in paragraph at lines 1594--1615
\TU/RobotoLight(0)/m/it/10.95 titude/longitude \TU/RobotoLight(0)/m/n/10.95 en 
\TU/RobotoLight(0)/b/n/10.95 coordonnes cartsiennes \TU/RobotoLight(0)/m/n/10
.95 exprimes en units de grandeur terrestres. Pour cela, la
 []

[46]

Package caption Warning: The option `hypcap=true' will be ignored for this
(caption)                particular \caption on input line 1679.
See the caption package documentation for explanation.

File: __imgs/cad_1.png Graphic file (type bmp)
<__imgs/cad_1.png>
[47]
Underfull \hbox (badness 10000) in paragraph at lines 1686--1701

 []


Underfull \hbox (badness 10000) in paragraph at lines 1686--1701

 []

[48]
Underfull \hbox (badness 10000) in paragraph at lines 1708--1760

 []


Underfull \hbox (badness 10000) in paragraph at lines 1708--1760

 []


Underfull \hbox (badness 10000) in paragraph at lines 1708--1760

 []


Underfull \hbox (badness 10000) in paragraph at lines 1708--1760

 []


Underfull \hbox (badness 10000) in paragraph at lines 1708--1760

 []

[49]
Missing character: There is no  in font Ubuntu Regular/OT:script=latn;language
=dflt;!
Missing character: There is no  in font Ubuntu Regular/OT:script=latn;language
=dflt;!
Missing character: There is no  in font Ubuntu Regular/OT:script=latn;language
=dflt;!
Missing character: There is no  in font Ubuntu Regular/OT:script=latn;language
=dflt;!
[50]
Underfull \hbox (badness 10000) in paragraph at lines 1835--1853

 []


Package caption Warning: The option `hypcap=true' will be ignored for this
(caption)                particular \caption on input line 1855.
See the caption package documentation for explanation.

File: __imgs/3d_vue1.jpg Graphic file (type bmp)
<__imgs/3d_vue1.jpg>
[51]

Package caption Warning: The option `hypcap=true' will be ignored for this
(caption)                particular \caption on input line 1867.
See the caption package documentation for explanation.

File: __imgs/3d_autres.png Graphic file (type bmp)
<__imgs/3d_autres.png>

Underfull \hbox (badness 10000) in paragraph at lines 1874--1908

 []


Underfull \hbox (badness 10000) in paragraph at lines 1874--1908

 []


Underfull \hbox (badness 10000) in paragraph at lines 1874--1908

 []

[52] [53] [54]
Underfull \hbox (badness 10000) in paragraph at lines 1919--1981

 []


Underfull \hbox (badness 10000) in paragraph at lines 1919--1981

 []


Underfull \hbox (badness 10000) in paragraph at lines 1919--1981

 []


Underfull \hbox (badness 10000) in paragraph at lines 1919--1981

 []


Underfull \hbox (badness 10000) in paragraph at lines 1919--1981

 []


Underfull \hbox (badness 10000) in paragraph at lines 1919--1981

 []

[55] [56]
Underfull \hbox (badness 10000) in paragraph at lines 2003--2013

 []

[57]
Underfull \hbox (badness 10000) in paragraph at lines 2020--2040

 []


Package caption Warning: The option `hypcap=true' will be ignored for this
(caption)                particular \caption on input line 2042.
See the caption package documentation for explanation.

File: __imgs/carte_apur.png Graphic file (type bmp)
<__imgs/carte_apur.png>

Package caption Warning: The option `hypcap=true' will be ignored for this
(caption)                particular \caption on input line 2050.
See the caption package documentation for explanation.

File: __imgs/meta_apur.png Graphic file (type bmp)
<__imgs/meta_apur.png>
[58]
Underfull \hbox (badness 10000) in paragraph at lines 2057--2070

 []


Underfull \hbox (badness 10000) in paragraph at lines 2057--2070

 []

[59] [60]

Package caption Warning: The option `hypcap=true' will be ignored for this
(caption)                particular \caption on input line 2089.
See the caption package documentation for explanation.

File: __imgs/meta_ign.png Graphic file (type bmp)
<__imgs/meta_ign.png>

Package caption Warning: The option `hypcap=true' will be ignored for this
(caption)                particular \caption on input line 2102.
See the caption package documentation for explanation.

File: __imgs/meta_ign_2.png Graphic file (type bmp)
<__imgs/meta_ign_2.png>
[61]

Package caption Warning: The option `hypcap=true' will be ignored for this
(caption)                particular \caption on input line 2110.
See the caption package documentation for explanation.

File: __imgs/table_matmur.png Graphic file (type bmp)
<__imgs/table_matmur.png>
[62]
Underfull \hbox (badness 10000) in paragraph at lines 2139--2148

 []


Underfull \hbox (badness 10000) in paragraph at lines 2139--2148

 []

[63]
Underfull \hbox (badness 10000) in paragraph at lines 2171--2184

 []


Package caption Warning: The option `hypcap=true' will be ignored for this
(caption)                particular \caption on input line 2186.
See the caption package documentation for explanation.

File: __imgs/bd_ortho_tot.png Graphic file (type bmp)
<__imgs/bd_ortho_tot.png>
[64] [65] [66] [67]
Underfull \hbox (badness 10000) in paragraph at lines 2225--2239

 []


Underfull \hbox (badness 10000) in paragraph at lines 2225--2239

 []


Underfull \hbox (badness 1132) in paragraph at lines 2225--2239
\TU/RobotoLight(0)/m/n/10.95 La bibliothque \TU/RobotoLight(0)/m/it/10.95 GeoP
andas \TU/RobotoLight(0)/m/n/10.95 facilite ici normment les apurements, en p
ermettant dinscrire directement
 []


Underfull \hbox (badness 10000) in paragraph at lines 2272--2287

 []


Underfull \hbox (badness 10000) in paragraph at lines 2272--2287

 []

[68]
Missing character: There is no  in font Ubuntu Regular/OT:script=latn;language
=dflt;!
Missing character: There is no  in font Ubuntu Regular/OT:script=latn;language
=dflt;!

Underfull \hbox (badness 10000) in paragraph at lines 2338--2348

 []

[69]
Underfull \hbox (badness 10000) in paragraph at lines 2396--2412

 []


Underfull \hbox (badness 10000) in paragraph at lines 2396--2412

 []

[70] [71]

Package caption Warning: The option `hypcap=true' will be ignored for this
(caption)                particular \caption on input line 2420.
See the caption package documentation for explanation.

File: __imgs/principe_agg.png Graphic file (type bmp)
<__imgs/principe_agg.png>

Underfull \hbox (badness 10000) in paragraph at lines 2427--2452

 []


Underfull \hbox (badness 10000) in paragraph at lines 2427--2452

 []

[72] [73]

Package caption Warning: The option `hypcap=true' will be ignored for this
(caption)                particular \caption on input line 2509.
See the caption package documentation for explanation.

File: __imgs/principe_agg_photo.png Graphic file (type bmp)
<__imgs/principe_agg_photo.png>

Underfull \hbox (badness 10000) in paragraph at lines 2516--2528

 []


Underfull \hbox (badness 10000) in paragraph at lines 2516--2528

 []


Underfull \hbox (badness 10000) in paragraph at lines 2516--2528

 []

[74] [75]
Underfull \hbox (badness 10000) in paragraph at lines 2582--2594

 []


Underfull \hbox (badness 10000) in paragraph at lines 2582--2594

 []


Package caption Warning: The option `hypcap=true' will be ignored for this
(caption)                particular \caption on input line 2596.
See the caption package documentation for explanation.

File: __imgs/agg_final.png Graphic file (type bmp)
<__imgs/agg_final.png>
[76] [77] [78] [79]
Underfull \hbox (badness 10000) in paragraph at lines 2634--2660

 []


Underfull \hbox (badness 10000) in paragraph at lines 2634--2660

 []


Package caption Warning: The option `hypcap=true' will be ignored for this
(caption)                particular \caption on input line 2662.
See the caption package documentation for explanation.

File: __imgs/encode.png Graphic file (type bmp)
<__imgs/encode.png>

Overfull \hbox (0.25938pt too wide) in paragraph at lines 2669--2672
[]\TU/RobotoLight(0)/m/n/10.95 Cette fonction sera galement applique aux attr
ibuts \TU/RobotoLight(0)/m/it/10.95 MAT_MURS\TU/RobotoLight(0)/m/n/10.95 , \TU/
RobotoLight(0)/m/it/10.95 MAT_TOITS \TU/RobotoLight(0)/m/n/10.95 ainsi qu \TU
/RobotoLight(0)/m/it/10.95 C_PERCONST_APUR\TU/RobotoLight(0)/m/n/10.95 .
 []

[80]

Package caption Warning: The option `hypcap=true' will be ignored for this
(caption)                particular \caption on input line 2716.
See the caption package documentation for explanation.

File: __imgs/matrice_corr_c.png Graphic file (type bmp)
<__imgs/matrice_corr_c.png>
[81]
Missing character: There is no  in font Ubuntu Regular/OT:script=latn;language
=dflt;!
Missing character: There is no  in font Ubuntu Regular/OT:script=latn;language
=dflt;!
Missing character: There is no  in font Ubuntu Regular/OT:script=latn;language
=dflt;!
[82]

Package caption Warning: The option `hypcap=true' will be ignored for this
(caption)                particular \caption on input line 2748.
See the caption package documentation for explanation.

File: __imgs/matrice_corr_nat.png Graphic file (type bmp)
<__imgs/matrice_corr_nat.png>
[83] [84]
Underfull \hbox (badness 10000) in paragraph at lines 2783--2792

 []


Underfull \hbox (badness 1087) in paragraph at lines 2783--2792
\TU/RobotoLight(0)/m/n/10.95 Bien qu lchelle des btiments, il nexiste pas
 encore de jeux de donnes relatifs  des \TU/RobotoLight(0)/b/n/10.95 thmes p
lus
 []

[85]
Underfull \hbox (badness 10000) in paragraph at lines 2799--2816

 []


Underfull \hbox (badness 10000) in paragraph at lines 2799--2816

 []


Package caption Warning: The option `hypcap=true' will be ignored for this
(caption)                particular \caption on input line 2818.
See the caption package documentation for explanation.

File: __imgs/cnn_schema.png Graphic file (type bmp)
<__imgs/cnn_schema.png>
[86] [87] [88]

Package caption Warning: The option `hypcap=true' will be ignored for this
(caption)                particular \caption on input line 2942.
See the caption package documentation for explanation.

File: __imgs/classif.png Graphic file (type bmp)
<__imgs/classif.png>
[89] [90]
Underfull \hbox (badness 10000) in paragraph at lines 2951--2977

 []


Underfull \hbox (badness 2103) in paragraph at lines 2951--2977
\TU/RobotoLight(0)/m/n/10.95 En effet, des bibliothques comme \TU/RobotoLight(
0)/b/n/10.95 GeoPandas \TU/RobotoLight(0)/m/n/10.95 permettent de laccompagner
  travers \TU/RobotoLight(0)/b/n/10.95 les diffrentes
 []


Underfull \hbox (badness 10000) in paragraph at lines 2951--2977

 []


Underfull \hbox (badness 10000) in paragraph at lines 2951--2977

 []


Package caption Warning: The option `hypcap=true' will be ignored for this
(caption)                particular \caption on input line 2979.
See the caption package documentation for explanation.

File: __imgs/matrice_prospective.png Graphic file (type bmp)
<__imgs/matrice_prospective.png>
[91] [92]
Underfull \hbox (badness 10000) in paragraph at lines 2992--3083

 []


Underfull \hbox (badness 1117) in paragraph at lines 2992--3083
\TU/RobotoLight(0)/m/n/10.95 En effet, permettant en premier lieu de \TU/Roboto
Light(0)/b/n/10.95 rendre comprhensibles et manipulables aux plus novices les
 []


Underfull \hbox (badness 10000) in paragraph at lines 2992--3083

 []


Underfull \hbox (badness 10000) in paragraph at lines 2992--3083

 []


Underfull \hbox (badness 10000) in paragraph at lines 2992--3083

 []


Underfull \hbox (badness 10000) in paragraph at lines 2992--3083

 []


Underfull \hbox (badness 10000) in paragraph at lines 2992--3083

 []


Underfull \hbox (badness 10000) in paragraph at lines 2992--3083

 []


Underfull \hbox (badness 10000) in paragraph at lines 2992--3083

 []


Underfull \hbox (badness 1577) in paragraph at lines 2992--3083
\TU/RobotoLight(0)/m/n/10.95 Toutes ces opportunits nouvelles requirent une c
ertaine \TU/RobotoLight(0)/b/n/10.95 familiarit avec le fonctionnement algorit
h-
 []


Underfull \hbox (badness 10000) in paragraph at lines 2992--3083

 []


Underfull \hbox (badness 10000) in paragraph at lines 2992--3083

 []

[93] [94] [95] [96] [97] [98]
Underfull \hbox (badness 1881) in paragraph at lines 3251--3254
[][]\TU/RobotoLight(0)/m/n/10.95 ZHOU, Qian-Yi, PARK, Jaesik et KOLTUN, Vladlen
. Open3D : A Modern Library for 3D Data Processing.
 []

[99] [100] (./memoire.lof
LaTeX Info: Redefining \rmfamily on input line 1.
LaTeX Info: Redefining \sffamily on input line 1.
LaTeX Info: Redefining \ttfamily on input line 1.

Package polyglossia Warning: Failed to patch part for French on input line 1.

LaTeX Font Info:    Font shape `TU/RobotoLight(0)/m/n' will be
(Font)              scaled to size 5.475pt on input line 4.
[101] [102]
Overfull \hbox (1.22638pt too wide) detected at line 35
 []\TU/RobotoLight(0)/m/n/10.95 106
 []


Overfull \hbox (1.22638pt too wide) detected at line 36
 []\TU/RobotoLight(0)/m/n/10.95 108
 []


Underfull \hbox (badness 1742) in paragraph at lines 36--36
 [][] [][]\TU/RobotoLight(0)/m/n/10.95 Outils et formats intermdiaires utilis
s pour gnrer un fichier PDF - https ://markdown- 
 []


Overfull \hbox (1.22638pt too wide) detected at line 37
 []\TU/RobotoLight(0)/m/n/10.95 108
 []

)
\tf@lof=\write7
\openout7 = `memoire.lof'.

[103] [104]
Underfull \hbox (badness 10000) in paragraph at lines 3295--3307

 []


Package caption Warning: The option `hypcap=true' will be ignored for this
(caption)                particular \caption on input line 3309.
See the caption package documentation for explanation.

File: __imgs/markdown.png Graphic file (type bmp)
<__imgs/markdown.png>
[105] [106]

Package caption Warning: The option `hypcap=true' will be ignored for this
(caption)                particular \caption on input line 3362.
See the caption package documentation for explanation.

File: __imgs/pandoc1.png Graphic file (type bmp)
<__imgs/pandoc1.png>
[107]

Package caption Warning: The option `hypcap=true' will be ignored for this
(caption)                particular \caption on input line 3392.
See the caption package documentation for explanation.

File: __imgs/groff.png Graphic file (type bmp)
<__imgs/groff.png>
[108]
Underfull \hbox (badness 10000) in paragraph at lines 3405--3431

 []


Underfull \hbox (badness 10000) in paragraph at lines 3405--3431

 []

File: __imgs/logo_vd.png Graphic file (type bmp)
<__imgs/logo_vd.png>
The property list \polyglossia@langsetup contains the pairs (without outer
braces):
>  {latex/script}  =>  {latin}
>  {latex/lcscript}  =>  {latin}
>  {latex/scripttag}  =>  {}
>  {latex/language}  =>  {Latex}
>  {latex/langtag}  =>  {ENG}
>  {latex/bcp47}  =>  {}
>  {latex/hyphennames}  =>  {english}
>  {latex/direction}  =>  {LR}
>  {latex/hyphenmins}  =>  {2,3}
>  {latex/frenchspacing}  =>  {false}
>  {latex/indentfirst}  =>  {false}
>  {latex/fontsetup}  =>  {true}
>  {latex/envname}  =>  {latex}
>  {latex/babelname}  =>  {latex}
>  {latex/localnumeral}  =>  {polyglossia@C@localnumeral}
>  {latex/Localnumeral}  =>  {polyglossia@C@localnumeral}
>  {french/script}  =>  {Latin}
>  {french/lcscript}  =>  {latin}
>  {french/scripttag}  =>  {}
>  {french/language}  =>  {French}
>  {french/langtag}  =>  {FRA}
>  {french/bcp47}  =>  {fr-FR}
>  {french/hyphennames}  =>  {french,francais}
>  {french/direction}  =>  {LR}
>  {french/hyphenmins}  =>  {2,2}
>  {french/frenchspacing}  =>  {true}
>  {french/indentfirst}  =>  {true}
>  {french/fontsetup}  =>  {true}
>  {french/envname}  =>  {french}
>  {french/babelname}  =>  {french}
>  {french/localnumeral}  =>  {polyglossia@C@localnumeral}
>  {french/Localnumeral}  =>  {polyglossia@C@localnumeral}.
[109] (./memoire.aux
LaTeX Info: Redefining \rmfamily on input line 19.
LaTeX Info: Redefining \sffamily on input line 19.
LaTeX Info: Redefining \ttfamily on input line 19.

Package polyglossia Warning: Failed to patch part for French on input line 19.

) ) 
Here is how much of TeX's memory you used:
 37787 strings out of 476939
 760701 string characters out of 5826132
 1751501 words of memory out of 5000000
 57055 multiletter control sequences out of 15000+600000
 410174 words of font info for 116 fonts, out of 8000000 for 9000
 1348 hyphenation exceptions out of 8191
 101i,17n,125p,718b,1436s stack positions out of 5000i,500n,10000p,200000b,80000s

Output written on memoire.pdf (110 pages).
